<?xml version="1.0" encoding="UTF-8"?>
<testsuite xmlns:xsi="http://www.w3.org/2001/XMLSchema-instance" xsi:noNamespaceSchemaLocation="https://maven.apache.org/surefire/maven-surefire-plugin/xsd/surefire-test-report-3.0.xsd" version="3.0" name="com.example.exercise.ExerciseApplicationTests" time="3.712" tests="13" errors="0" skipped="0" failures="0">
  <properties>
[...]
</properties>
  <testcase name="testCaseEleven" classname="com.example.exercise.ExerciseApplicationTests" time="0.588">
    <system-out><![CDATA[13:11:46.948 [main] INFO org.springframework.test.context.support.AnnotationConfigContextLoaderUtils -- Could not detect default configuration classes for test class [com.example.exercise.ExerciseApplicationTests]: ExerciseApplicationTests does not declare any static, non-private, non-final, nested classes annotated with @Configuration.
13:11:47.025 [main] INFO org.springframework.boot.test.context.SpringBootTestContextBootstrapper -- Found @SpringBootConfiguration com.example.exercise.ExerciseApplication for test class com.example.exercise.ExerciseApplicationTests
  .   ____          _            __ _ _
 /\\ / ___'_ __ _ _(_)_ __  __ _ \ \ \ \
( ( )\___ | '_ | '_| | '_ \/ _` | \ \ \ \
 \\/  ___)| |_)| | | | | || (_| |  ) ) ) )
  '  |____| .__|_| |_|_| |_\__, | / / / /
 =========|_|==============|___/=/_/_/_/

 :: Spring Boot ::                (v3.3.0)

2024-07-08T13:11:47.337+01:00  INFO 21077 --- [exercise] [           main] c.e.exercise.ExerciseApplicationTests    : Starting ExerciseApplicationTests using Java 21.0.3 with PID 21077 (started by lok in /Users/lok/Downloads/Web_Bootcamp/TechicalExcerise)
2024-07-08T13:11:47.338+01:00  INFO 21077 --- [exercise] [           main] c.e.exercise.ExerciseApplicationTests    : No active profile set, falling back to 1 default profile: "default"
2024-07-08T13:11:47.840+01:00  INFO 21077 --- [exercise] [           main] .s.d.r.c.RepositoryConfigurationDelegate : Bootstrapping Spring Data JPA repositories in DEFAULT mode.
2024-07-08T13:11:47.882+01:00  INFO 21077 --- [exercise] [           main] .s.d.r.c.RepositoryConfigurationDelegate : Finished Spring Data repository scanning in 36 ms. Found 1 JPA repository interface.
2024-07-08T13:11:48.233+01:00  INFO 21077 --- [exercise] [           main] o.hibernate.jpa.internal.util.LogHelper  : HHH000204: Processing PersistenceUnitInfo [name: default]
2024-07-08T13:11:48.276+01:00  INFO 21077 --- [exercise] [           main] org.hibernate.Version                    : HHH000412: Hibernate ORM core version 6.5.2.Final
2024-07-08T13:11:48.299+01:00  INFO 21077 --- [exercise] [           main] o.h.c.internal.RegionFactoryInitiator    : HHH000026: Second-level cache disabled
2024-07-08T13:11:48.481+01:00  INFO 21077 --- [exercise] [           main] o.s.o.j.p.SpringPersistenceUnitInfo      : No LoadTimeWeaver setup: ignoring JPA class transformer
2024-07-08T13:11:48.518+01:00  INFO 21077 --- [exercise] [           main] com.zaxxer.hikari.HikariDataSource       : HikariPool-1 - Starting...
2024-07-08T13:11:48.620+01:00  INFO 21077 --- [exercise] [           main] com.zaxxer.hikari.pool.HikariPool        : HikariPool-1 - Added connection org.sqlite.jdbc4.JDBC4Connection@587f4f63
2024-07-08T13:11:48.621+01:00  INFO 21077 --- [exercise] [           main] com.zaxxer.hikari.HikariDataSource       : HikariPool-1 - Start completed.
2024-07-08T13:11:49.104+01:00  INFO 21077 --- [exercise] [           main] o.h.e.t.j.p.i.JtaPlatformInitiator       : HHH000489: No JTA platform available (set 'hibernate.transaction.jta.platform' to enable JTA platform integration)
2024-07-08T13:11:49.122+01:00  INFO 21077 --- [exercise] [           main] j.LocalContainerEntityManagerFactoryBean : Initialized JPA EntityManagerFactory for persistence unit 'default'
2024-07-08T13:11:49.129+01:00  INFO 21077 --- [exercise] [           main] f.a.AutowiredAnnotationBeanPostProcessor : Autowired annotation is not supported on static fields: private static org.slf4j.Logger com.example.exercise.service.impl.VehicleSvcImpl.logger
2024-07-08T13:11:49.425+01:00  WARN 21077 --- [exercise] [           main] JpaBaseConfiguration$JpaWebConfiguration : spring.jpa.open-in-view is enabled by default. Therefore, database queries may be performed during view rendering. Explicitly configure spring.jpa.open-in-view to disable this warning
2024-07-08T13:11:49.717+01:00  INFO 21077 --- [exercise] [           main] o.s.b.t.m.w.SpringBootMockServletContext : Initializing Spring TestDispatcherServlet ''
2024-07-08T13:11:49.717+01:00  INFO 21077 --- [exercise] [           main] o.s.t.web.servlet.TestDispatcherServlet  : Initializing Servlet ''
2024-07-08T13:11:49.718+01:00  INFO 21077 --- [exercise] [           main] o.s.t.web.servlet.TestDispatcherServlet  : Completed initialization in 1 ms
2024-07-08T13:11:49.735+01:00  INFO 21077 --- [exercise] [           main] c.e.exercise.ExerciseApplicationTests    : Started ExerciseApplicationTests in 2.606 seconds (process running for 3.329)
2024-07-08T13:11:50.144+01:00  INFO 21077 --- [exercise] [           main] c.e.exercise.ExerciseApplicationTests    : TestCaseEleven
Hibernate: select v1_0.id,v1_0.bay_number,v1_0.manufacturer,v1_0.vin from vehicles v1_0 where v1_0.vin in (?)

MockHttpServletRequest:
      HTTP Method = POST
      Request URI = /vehicles
       Parameters = {}
          Headers = [Content-Type:"application/json;charset=UTF-8", Accept:"application/json", Content-Length:"209"]
             Body = {
  "vehicles" : [ {
    "id" : null,
    "manufacturer" : "Ford",
    "bay_number" : 1001,
    "VIN" : "five"
  }, {
    "id" : null,
    "manufacturer" : "GM",
    "bay_number" : 2,
    "VIN" : "six"
  } ]
}
    Session Attrs = {}

Handler:
             Type = com.example.exercise.rest.RestControler
           Method = com.example.exercise.rest.RestControler#createVehicles(Vehicles)

Async:
    Async started = false
     Async result = null

Resolved Exception:
             Type = null

ModelAndView:
        View name = null
             View = null
            Model = null

FlashMap:
       Attributes = null

MockHttpServletResponse:
           Status = 400
    Error message = null
          Headers = [Content-Type:"application/json"]
     Content type = application/json
             Body = {"result":false,"message":"Following VIN(s) is existed in the database: [six]"}
    Forwarded URL = null
   Redirected URL = null
          Cookies = []
]]></system-out>
    <system-err><![CDATA[WARNING: A Java agent has been loaded dynamically (/Users/lok/.m2/repository/net/bytebuddy/byte-buddy-agent/1.14.16/byte-buddy-agent-1.14.16.jar)
WARNING: If a serviceability tool is in use, please run with -XX:+EnableDynamicAgentLoading to hide this warning
WARNING: If a serviceability tool is not in use, please run with -Djdk.instrument.traceUsage for more information
WARNING: Dynamic loading of agents will be disallowed by default in a future release
]]></system-err>
  </testcase>
  <testcase name="testCaseTwelve" classname="com.example.exercise.ExerciseApplicationTests" time="0.032">
    <system-out><![CDATA[2024-07-08T13:11:50.338+01:00  INFO 21077 --- [exercise] [           main] c.e.exercise.ExerciseApplicationTests    : TestCaseTwelve
Hibernate: select v1_0.id,v1_0.bay_number,v1_0.manufacturer,v1_0.vin from vehicles v1_0 where v1_0.vin in (?)
Hibernate: insert into vehicles (bay_number,manufacturer,vin) values (?,?,?)
Hibernate: select last_insert_rowid()

MockHttpServletRequest:
      HTTP Method = POST
      Request URI = /vehicles
       Parameters = {}
          Headers = [Content-Type:"application/json;charset=UTF-8", Accept:"application/json", Content-Length:"209"]
             Body = {
  "vehicles" : [ {
    "id" : null,
    "manufacturer" : "Ford",
    "bay_number" : 2,
    "VIN" : "five"
  }, {
    "id" : null,
    "manufacturer" : "GM",
    "bay_number" : 1002,
    "VIN" : "six"
  } ]
}
    Session Attrs = {}

Handler:
             Type = com.example.exercise.rest.RestControler
           Method = com.example.exercise.rest.RestControler#createVehicles(Vehicles)

Async:
    Async started = false
     Async result = null

Resolved Exception:
             Type = null

ModelAndView:
        View name = null
             View = null
            Model = null

FlashMap:
       Attributes = null

MockHttpServletResponse:
           Status = 200
    Error message = null
          Headers = [Content-Type:"application/json"]
     Content type = application/json
             Body = {"result":true,"body":[{"id":18,"manufacturer":"Ford","bay_number":2,"VIN":"five"}]}
    Forwarded URL = null
   Redirected URL = null
          Cookies = []
]]></system-out>
  </testcase>
  <testcase name="testCaseOne" classname="com.example.exercise.ExerciseApplicationTests" time="0.011">
    <system-out><![CDATA[2024-07-08T13:11:50.370+01:00  INFO 21077 --- [exercise] [           main] c.e.exercise.ExerciseApplicationTests    : TestCaseOne
Hibernate: select v1_0.id,v1_0.bay_number,v1_0.manufacturer,v1_0.vin from vehicles v1_0 where v1_0.vin in (?,?)
Hibernate: insert into vehicles (bay_number,manufacturer,vin) values (?,?,?)
Hibernate: select last_insert_rowid()
Hibernate: insert into vehicles (bay_number,manufacturer,vin) values (?,?,?)
Hibernate: select last_insert_rowid()

MockHttpServletRequest:
      HTTP Method = POST
      Request URI = /vehicles
       Parameters = {}
          Headers = [Content-Type:"application/json;charset=UTF-8", Accept:"application/json", Content-Length:"205"]
             Body = {
  "vehicles" : [ {
    "id" : null,
    "manufacturer" : "ford",
    "bay_number" : 1,
    "VIN" : "one"
  }, {
    "id" : null,
    "manufacturer" : "GM",
    "bay_number" : 2,
    "VIN" : "Two"
  } ]
}
    Session Attrs = {}

Handler:
             Type = com.example.exercise.rest.RestControler
           Method = com.example.exercise.rest.RestControler#createVehicles(Vehicles)

Async:
    Async started = false
     Async result = null

Resolved Exception:
             Type = null

ModelAndView:
        View name = null
             View = null
            Model = null

FlashMap:
       Attributes = null

MockHttpServletResponse:
           Status = 200
    Error message = null
          Headers = [Content-Type:"application/json"]
     Content type = application/json
             Body = {"result":true,"body":[{"id":18,"manufacturer":"ford","bay_number":1,"VIN":"one"},{"id":19,"manufacturer":"GM","bay_number":2,"VIN":"Two"}]}
    Forwarded URL = null
   Redirected URL = null
          Cookies = []
]]></system-out>
  </testcase>
  <testcase name="testCaseSix" classname="com.example.exercise.ExerciseApplicationTests" time="0.047">
    <system-out><![CDATA[2024-07-08T13:11:50.383+01:00  INFO 21077 --- [exercise] [           main] c.e.exercise.ExerciseApplicationTests    : TestCaseSix
Hibernate: select v1_0.id,v1_0.bay_number,v1_0.manufacturer,v1_0.vin from vehicles v1_0 where v1_0.vin in (?)
2024-07-08T13:11:50.390+01:00 ERROR 21077 --- [exercise] [           main] c.example.exercise.cmn.ResponsePacker    : not-null property references a null or transient value : com.example.exercise.enity.Vehicle.vin

MockHttpServletRequest:
      HTTP Method = POST
      Request URI = /vehicles
       Parameters = {}
          Headers = [Content-Type:"application/json;charset=UTF-8", Accept:"application/json", Content-Length:"113"]
             Body = {
  "vehicles" : [ {
    "id" : null,
    "manufacturer" : "ford",
    "bay_number" : 2,
    "VIN" : null
  } ]
}
    Session Attrs = {}

Handler:
             Type = com.example.exercise.rest.RestControler
           Method = com.example.exercise.rest.RestControler#createVehicles(Vehicles)

Async:
    Async started = false
     Async result = null

Resolved Exception:
             Type = null

ModelAndView:
        View name = null
             View = null
            Model = null

FlashMap:
       Attributes = null

MockHttpServletResponse:
           Status = 400
    Error message = null
          Headers = [Content-Type:"application/json"]
     Content type = application/json
             Body = {"cause":{"cause":null,"stackTrace":[{"classLoaderName":"app","moduleName":null,"moduleVersion":null,"methodName":"checkNullability","fileName":"Nullability.java","lineNumber":109,"className":"org.hibernate.engine.internal.Nullability","nativeMethod":false},{"classLoaderName":"app","moduleName":null,"moduleVersion":null,"methodName":"checkNullability","fileName":"Nullability.java","lineNumber":54,"className":"org.hibernate.engine.internal.Nullability","nativeMethod":false},{"classLoaderName":"app","moduleName":null,"moduleVersion":null,"methodName":"nullifyTransientReferencesIfNotAlready","fileName":"AbstractEntityInsertAction.java","lineNumber":124,"className":"org.hibernate.action.internal.AbstractEntityInsertAction","nativeMethod":false},{"classLoaderName":"app","moduleName":null,"moduleVersion":null,"methodName":"execute","fileName":"EntityIdentityInsertAction.java","lineNumber":73,"className":"org.hibernate.action.internal.EntityIdentityInsertAction","nativeMethod":false},{"classLoaderName":"app","moduleName":null,"moduleVersion":null,"methodName":"execute","fileName":"ActionQueue.java","lineNumber":670,"className":"org.hibernate.engine.spi.ActionQueue","nativeMethod":false},{"classLoaderName":"app","moduleName":null,"moduleVersion":null,"methodName":"addResolvedEntityInsertAction","fileName":"ActionQueue.java","lineNumber":291,"className":"org.hibernate.engine.spi.ActionQueue","nativeMethod":false},{"classLoaderName":"app","moduleName":null,"moduleVersion":null,"methodName":"addInsertAction","fileName":"ActionQueue.java","lineNumber":272,"className":"org.hibernate.engine.spi.ActionQueue","nativeMethod":false},{"classLoaderName":"app","moduleName":null,"moduleVersion":null,"methodName":"addAction","fileName":"ActionQueue.java","lineNumber":322,"className":"org.hibernate.engine.spi.ActionQueue","nativeMethod":false},{"classLoaderName":"app","moduleName":null,"moduleVersion":null,"methodName":"addInsertAction","fileName":"AbstractSaveEventListener.java","lineNumber":391,"className":"org.hibernate.event.internal.AbstractSaveEventListener","nativeMethod":false},{"classLoaderName":"app","moduleName":null,"moduleVersion":null,"methodName":"performSaveOrReplicate","fileName":"AbstractSaveEventListener.java","lineNumber":305,"className":"org.hibernate.event.internal.AbstractSaveEventListener","nativeMethod":false},{"classLoaderName":"app","moduleName":null,"moduleVersion":null,"methodName":"performSave","fileName":"AbstractSaveEventListener.java","lineNumber":224,"className":"org.hibernate.event.internal.AbstractSaveEventListener","nativeMethod":false},{"classLoaderName":"app","moduleName":null,"moduleVersion":null,"methodName":"saveWithGeneratedId","fileName":"AbstractSaveEventListener.java","lineNumber":137,"className":"org.hibernate.event.internal.AbstractSaveEventListener","nativeMethod":false},{"classLoaderName":"app","moduleName":null,"moduleVersion":null,"methodName":"entityIsTransient","fileName":"DefaultPersistEventListener.java","lineNumber":175,"className":"org.hibernate.event.internal.DefaultPersistEventListener","nativeMethod":false},{"classLoaderName":"app","moduleName":null,"moduleVersion":null,"methodName":"persist","fileName":"DefaultPersistEventListener.java","lineNumber":93,"className":"org.hibernate.event.internal.DefaultPersistEventListener","nativeMethod":false},{"classLoaderName":"app","moduleName":null,"moduleVersion":null,"methodName":"onPersist","fileName":"DefaultPersistEventListener.java","lineNumber":77,"className":"org.hibernate.event.internal.DefaultPersistEventListener","nativeMethod":false},{"classLoaderName":"app","moduleName":null,"moduleVersion":null,"methodName":"onPersist","fileName":"DefaultPersistEventListener.java","lineNumber":54,"className":"org.hibernate.event.internal.DefaultPersistEventListener","nativeMethod":false},{"classLoaderName":"app","moduleName":null,"moduleVersion":null,"methodName":"fireEventOnEachListener","fileName":"EventListenerGroupImpl.java","lineNumber":127,"className":"org.hibernate.event.service.internal.EventListenerGroupImpl","nativeMethod":false},{"classLoaderName":"app","moduleName":null,"moduleVersion":null,"methodName":"firePersist","fileName":"SessionImpl.java","lineNumber":757,"className":"org.hibernate.internal.SessionImpl","nativeMethod":false},{"classLoaderName":"app","moduleName":null,"moduleVersion":null,"methodName":"persist","fileName":"SessionImpl.java","lineNumber":741,"className":"org.hibernate.internal.SessionImpl","nativeMethod":false},{"classLoaderName":null,"moduleName":"java.base","moduleVersion":"21.0.3","methodName":"invoke","fileName":"DirectMethodHandleAccessor.java","lineNumber":103,"className":"jdk.internal.reflect.DirectMethodHandleAccessor","nativeMethod":false},{"classLoaderName":null,"moduleName":"java.base","moduleVersion":"21.0.3","methodName":"invoke","fileName":"Method.java","lineNumber":580,"className":"java.lang.reflect.Method","nativeMethod":false},{"classLoaderName":"app","moduleName":null,"moduleVersion":null,"methodName":"invoke","fileName":"SharedEntityManagerCreator.java","lineNumber":319,"className":"org.springframework.orm.jpa.SharedEntityManagerCreator$SharedEntityManagerInvocationHandler","nativeMethod":false},{"classLoaderName":"app","moduleName":"jdk.proxy2","moduleVersion":null,"methodName":"persist","fileName":null,"lineNumber":-1,"className":"jdk.proxy2.$Proxy120","nativeMethod":false},{"classLoaderName":"app","moduleName":null,"moduleVersion":null,"methodName":"save","fileName":"SimpleJpaRepository.java","lineNumber":628,"className":"org.springframework.data.jpa.repository.support.SimpleJpaRepository","nativeMethod":false},{"classLoaderName":null,"moduleName":"java.base","moduleVersion":"21.0.3","methodName":"invoke","fileName":"DirectMethodHandleAccessor.java","lineNumber":103,"className":"jdk.internal.reflect.DirectMethodHandleAccessor","nativeMethod":false},{"classLoaderName":null,"moduleName":"java.base","moduleVersion":"21.0.3","methodName":"invoke","fileName":"Method.java","lineNumber":580,"className":"java.lang.reflect.Method","nativeMethod":false},{"classLoaderName":"app","moduleName":null,"moduleVersion":null,"methodName":"invokeJoinpointUsingReflection","fileName":"AopUtils.java","lineNumber":354,"className":"org.springframework.aop.support.AopUtils","nativeMethod":false},{"classLoaderName":"app","moduleName":null,"moduleVersion":null,"methodName":"lambda$new$0","fileName":"RepositoryMethodInvoker.java","lineNumber":277,"className":"org.springframework.data.repository.core.support.RepositoryMethodInvoker$RepositoryFragmentMethodInvoker","nativeMethod":false},{"classLoaderName":"app","moduleName":null,"moduleVersion":null,"methodName":"doInvoke","fileName":"RepositoryMethodInvoker.java","lineNumber":170,"className":"org.springframework.data.repository.core.support.RepositoryMethodInvoker","nativeMethod":false},{"classLoaderName":"app","moduleName":null,"moduleVersion":null,"methodName":"invoke","fileName":"RepositoryMethodInvoker.java","lineNumber":158,"className":"org.springframework.data.repository.core.support.RepositoryMethodInvoker","nativeMethod":false},{"classLoaderName":"app","moduleName":null,"moduleVersion":null,"methodName":"invoke","fileName":"RepositoryComposition.java","lineNumber":516,"className":"org.springframework.data.repository.core.support.RepositoryComposition$RepositoryFragments","nativeMethod":false},{"classLoaderName":"app","moduleName":null,"moduleVersion":null,"methodName":"invoke","fileName":"RepositoryComposition.java","lineNumber":285,"className":"org.springframework.data.repository.core.support.RepositoryComposition","nativeMethod":false},{"classLoaderName":"app","moduleName":null,"moduleVersion":null,"methodName":"invoke","fileName":"RepositoryFactorySupport.java","lineNumber":628,"className":"org.springframework.data.repository.core.support.RepositoryFactorySupport$ImplementationMethodExecutionInterceptor","nativeMethod":false},{"classLoaderName":"app","moduleName":null,"moduleVersion":null,"methodName":"proceed","fileName":"ReflectiveMethodInvocation.java","lineNumber":184,"className":"org.springframework.aop.framework.ReflectiveMethodInvocation","nativeMethod":false},{"classLoaderName":"app","moduleName":null,"moduleVersion":null,"methodName":"doInvoke","fileName":"QueryExecutorMethodInterceptor.java","lineNumber":168,"className":"org.springframework.data.repository.core.support.QueryExecutorMethodInterceptor","nativeMethod":false},{"classLoaderName":"app","moduleName":null,"moduleVersion":null,"methodName":"invoke","fileName":"QueryExecutorMethodInterceptor.java","lineNumber":143,"className":"org.springframework.data.repository.core.support.QueryExecutorMethodInterceptor","nativeMethod":false},{"classLoaderName":"app","moduleName":null,"moduleVersion":null,"methodName":"proceed","fileName":"ReflectiveMethodInvocation.java","lineNumber":184,"className":"org.springframework.aop.framework.ReflectiveMethodInvocation","nativeMethod":false},{"classLoaderName":"app","moduleName":null,"moduleVersion":null,"methodName":"invoke","fileName":"DefaultMethodInvokingMethodInterceptor.java","lineNumber":70,"className":"org.springframework.data.projection.DefaultMethodInvokingMethodInterceptor","nativeMethod":false},{"classLoaderName":"app","moduleName":null,"moduleVersion":null,"methodName":"proceed","fileName":"ReflectiveMethodInvocation.java","lineNumber":184,"className":"org.springframework.aop.framework.ReflectiveMethodInvocation","nativeMethod":false},{"classLoaderName":"app","moduleName":null,"moduleVersion":null,"methodName":"proceedWithInvocation","fileName":"TransactionInterceptor.java","lineNumber":123,"className":"org.springframework.transaction.interceptor.TransactionInterceptor$1","nativeMethod":false},{"classLoaderName":"app","moduleName":null,"moduleVersion":null,"methodName":"invokeWithinTransaction","fileName":"TransactionAspectSupport.java","lineNumber":392,"className":"org.springframework.transaction.interceptor.TransactionAspectSupport","nativeMethod":false},{"classLoaderName":"app","moduleName":null,"moduleVersion":null,"methodName":"invoke","fileName":"TransactionInterceptor.java","lineNumber":119,"className":"org.springframework.transaction.interceptor.TransactionInterceptor","nativeMethod":false},{"classLoaderName":"app","moduleName":null,"moduleVersion":null,"methodName":"proceed","fileName":"ReflectiveMethodInvocation.java","lineNumber":184,"className":"org.springframework.aop.framework.ReflectiveMethodInvocation","nativeMethod":false},{"classLoaderName":"app","moduleName":null,"moduleVersion":null,"methodName":"invoke","fileName":"PersistenceExceptionTranslationInterceptor.java","lineNumber":137,"className":"org.springframework.dao.support.PersistenceExceptionTranslationInterceptor","nativeMethod":false},{"classLoaderName":"app","moduleName":null,"moduleVersion":null,"methodName":"proceed","fileName":"ReflectiveMethodInvocation.java","lineNumber":184,"className":"org.springframework.aop.framework.ReflectiveMethodInvocation","nativeMethod":false},{"classLoaderName":"app","moduleName":null,"moduleVersion":null,"methodName":"invoke","fileName":"CrudMethodMetadataPostProcessor.java","lineNumber":165,"className":"org.springframework.data.jpa.repository.support.CrudMethodMetadataPostProcessor$CrudMethodMetadataPopulatingMethodInterceptor","nativeMethod":false},{"classLoaderName":"app","moduleName":null,"moduleVersion":null,"methodName":"proceed","fileName":"ReflectiveMethodInvocation.java","lineNumber":184,"className":"org.springframework.aop.framework.ReflectiveMethodInvocation","nativeMethod":false},{"classLoaderName":"app","moduleName":null,"moduleVersion":null,"methodName":"invoke","fileName":"ExposeInvocationInterceptor.java","lineNumber":97,"className":"org.springframework.aop.interceptor.ExposeInvocationInterceptor","nativeMethod":false},{"classLoaderName":"app","moduleName":null,"moduleVersion":null,"methodName":"proceed","fileName":"ReflectiveMethodInvocation.java","lineNumber":184,"className":"org.springframework.aop.framework.ReflectiveMethodInvocation","nativeMethod":false},{"classLoaderName":"app","moduleName":null,"moduleVersion":null,"methodName":"invoke","fileName":"JdkDynamicAopProxy.java","lineNumber":223,"className":"org.springframework.aop.framework.JdkDynamicAopProxy","nativeMethod":false},{"classLoaderName":"app","moduleName":"jdk.proxy2","moduleVersion":null,"methodName":"save","fileName":null,"lineNumber":-1,"className":"jdk.proxy2.$Proxy125","nativeMethod":false},{"classLoaderName":"app","moduleName":null,"moduleVersion":null,"methodName":"createVehicles","fileName":"VehicleSvcImpl.java","lineNumber":53,"className":"com.example.exercise.service.impl.VehicleSvcImpl","nativeMethod":false},{"classLoaderName":null,"moduleName":"java.base","moduleVersion":"21.0.3","methodName":"invoke","fileName":"DirectMethodHandleAccessor.java","lineNumber":103,"className":"jdk.internal.reflect.DirectMethodHandleAccessor","nativeMethod":false},{"classLoaderName":null,"moduleName":"java.base","moduleVersion":"21.0.3","methodName":"invoke","fileName":"Method.java","lineNumber":580,"className":"java.lang.reflect.Method","nativeMethod":false},{"classLoaderName":"app","moduleName":null,"moduleVersion":null,"methodName":"invokeJoinpointUsingReflection","fileName":"AopUtils.java","lineNumber":354,"className":"org.springframework.aop.support.AopUtils","nativeMethod":false},{"classLoaderName":"app","moduleName":null,"moduleVersion":null,"methodName":"invokeJoinpoint","fileName":"ReflectiveMethodInvocation.java","lineNumber":196,"className":"org.springframework.aop.framework.ReflectiveMethodInvocation","nativeMethod":false},{"classLoaderName":"app","moduleName":null,"moduleVersion":null,"methodName":"proceed","fileName":"ReflectiveMethodInvocation.java","lineNumber":163,"className":"org.springframework.aop.framework.ReflectiveMethodInvocation","nativeMethod":false},{"classLoaderName":"app","moduleName":null,"moduleVersion":null,"methodName":"proceed","fileName":"CglibAopProxy.java","lineNumber":768,"className":"org.springframework.aop.framework.CglibAopProxy$CglibMethodInvocation","nativeMethod":false},{"classLoaderName":"app","moduleName":null,"moduleVersion":null,"methodName":"proceedWithInvocation","fileName":"TransactionInterceptor.java","lineNumber":123,"className":"org.springframework.transaction.interceptor.TransactionInterceptor$1","nativeMethod":false},{"classLoaderName":"app","moduleName":null,"moduleVersion":null,"methodName":"invokeWithinTransaction","fileName":"TransactionAspectSupport.java","lineNumber":392,"className":"org.springframework.transaction.interceptor.TransactionAspectSupport","nativeMethod":false},{"classLoaderName":"app","moduleName":null,"moduleVersion":null,"methodName":"invoke","fileName":"TransactionInterceptor.java","lineNumber":119,"className":"org.springframework.transaction.interceptor.TransactionInterceptor","nativeMethod":false},{"classLoaderName":"app","moduleName":null,"moduleVersion":null,"methodName":"proceed","fileName":"ReflectiveMethodInvocation.java","lineNumber":184,"className":"org.springframework.aop.framework.ReflectiveMethodInvocation","nativeMethod":false},{"classLoaderName":"app","moduleName":null,"moduleVersion":null,"methodName":"proceed","fileName":"CglibAopProxy.java","lineNumber":768,"className":"org.springframework.aop.framework.CglibAopProxy$CglibMethodInvocation","nativeMethod":false},{"classLoaderName":"app","moduleName":null,"moduleVersion":null,"methodName":"intercept","fileName":"CglibAopProxy.java","lineNumber":720,"className":"org.springframework.aop.framework.CglibAopProxy$DynamicAdvisedInterceptor","nativeMethod":false},{"classLoaderName":"app","moduleName":null,"moduleVersion":null,"methodName":"createVehicles","fileName":"<generated>","lineNumber":-1,"className":"com.example.exercise.service.impl.VehicleSvcImpl$$SpringCGLIB$$0","nativeMethod":false},{"classLoaderName":"app","moduleName":null,"moduleVersion":null,"methodName":"createVehicles","fileName":"RestControler.java","lineNumber":32,"className":"com.example.exercise.rest.RestControler","nativeMethod":false},{"classLoaderName":null,"moduleName":"java.base","moduleVersion":"21.0.3","methodName":"invoke","fileName":"DirectMethodHandleAccessor.java","lineNumber":103,"className":"jdk.internal.reflect.DirectMethodHandleAccessor","nativeMethod":false},{"classLoaderName":null,"moduleName":"java.base","moduleVersion":"21.0.3","methodName":"invoke","fileName":"Method.java","lineNumber":580,"className":"java.lang.reflect.Method","nativeMethod":false},{"classLoaderName":"app","moduleName":null,"moduleVersion":null,"methodName":"doInvoke","fileName":"InvocableHandlerMethod.java","lineNumber":255,"className":"org.springframework.web.method.support.InvocableHandlerMethod","nativeMethod":false},{"classLoaderName":"app","moduleName":null,"moduleVersion":null,"methodName":"invokeForRequest","fileName":"InvocableHandlerMethod.java","lineNumber":188,"className":"org.springframework.web.method.support.InvocableHandlerMethod","nativeMethod":false},{"classLoaderName":"app","moduleName":null,"moduleVersion":null,"methodName":"invokeAndHandle","fileName":"ServletInvocableHandlerMethod.java","lineNumber":118,"className":"org.springframework.web.servlet.mvc.method.annotation.ServletInvocableHandlerMethod","nativeMethod":false},{"classLoaderName":"app","moduleName":null,"moduleVersion":null,"methodName":"invokeHandlerMethod","fileName":"RequestMappingHandlerAdapter.java","lineNumber":926,"className":"org.springframework.web.servlet.mvc.method.annotation.RequestMappingHandlerAdapter","nativeMethod":false},{"classLoaderName":"app","moduleName":null,"moduleVersion":null,"methodName":"handleInternal","fileName":"RequestMappingHandlerAdapter.java","lineNumber":831,"className":"org.springframework.web.servlet.mvc.method.annotation.RequestMappingHandlerAdapter","nativeMethod":false},{"classLoaderName":"app","moduleName":null,"moduleVersion":null,"methodName":"handle","fileName":"AbstractHandlerMethodAdapter.java","lineNumber":87,"className":"org.springframework.web.servlet.mvc.method.AbstractHandlerMethodAdapter","nativeMethod":false},{"classLoaderName":"app","moduleName":null,"moduleVersion":null,"methodName":"doDispatch","fileName":"DispatcherServlet.java","lineNumber":1089,"className":"org.springframework.web.servlet.DispatcherServlet","nativeMethod":false},{"classLoaderName":"app","moduleName":null,"moduleVersion":null,"methodName":"doService","fileName":"DispatcherServlet.java","lineNumber":979,"className":"org.springframework.web.servlet.DispatcherServlet","nativeMethod":false},{"classLoaderName":"app","moduleName":null,"moduleVersion":null,"methodName":"processRequest","fileName":"FrameworkServlet.java","lineNumber":1014,"className":"org.springframework.web.servlet.FrameworkServlet","nativeMethod":false},{"classLoaderName":"app","moduleName":null,"moduleVersion":null,"methodName":"doPost","fileName":"FrameworkServlet.java","lineNumber":914,"className":"org.springframework.web.servlet.FrameworkServlet","nativeMethod":false},{"classLoaderName":"app","moduleName":null,"moduleVersion":null,"methodName":"service","fileName":"HttpServlet.java","lineNumber":590,"className":"jakarta.servlet.http.HttpServlet","nativeMethod":false},{"classLoaderName":"app","moduleName":null,"moduleVersion":null,"methodName":"service","fileName":"FrameworkServlet.java","lineNumber":885,"className":"org.springframework.web.servlet.FrameworkServlet","nativeMethod":false},{"classLoaderName":"app","moduleName":null,"moduleVersion":null,"methodName":"service","fileName":"TestDispatcherServlet.java","lineNumber":72,"className":"org.springframework.test.web.servlet.TestDispatcherServlet","nativeMethod":false},{"classLoaderName":"app","moduleName":null,"moduleVersion":null,"methodName":"service","fileName":"HttpServlet.java","lineNumber":658,"className":"jakarta.servlet.http.HttpServlet","nativeMethod":false},{"classLoaderName":"app","moduleName":null,"moduleVersion":null,"methodName":"doFilter","fileName":"MockFilterChain.java","lineNumber":165,"className":"org.springframework.mock.web.MockFilterChain$ServletFilterProxy","nativeMethod":false},{"classLoaderName":"app","moduleName":null,"moduleVersion":null,"methodName":"doFilter","fileName":"MockFilterChain.java","lineNumber":132,"className":"org.springframework.mock.web.MockFilterChain","nativeMethod":false},{"classLoaderName":"app","moduleName":null,"moduleVersion":null,"methodName":"doFilterInternal","fileName":"RequestContextFilter.java","lineNumber":100,"className":"org.springframework.web.filter.RequestContextFilter","nativeMethod":false},{"classLoaderName":"app","moduleName":null,"moduleVersion":null,"methodName":"doFilter","fileName":"OncePerRequestFilter.java","lineNumber":116,"className":"org.springframework.web.filter.OncePerRequestFilter","nativeMethod":false},{"classLoaderName":"app","moduleName":null,"moduleVersion":null,"methodName":"doFilter","fileName":"MockMvcFilterDecorator.java","lineNumber":151,"className":"org.springframework.test.web.servlet.setup.MockMvcFilterDecorator","nativeMethod":false},{"classLoaderName":"app","moduleName":null,"moduleVersion":null,"methodName":"doFilter","fileName":"MockFilterChain.java","lineNumber":132,"className":"org.springframework.mock.web.MockFilterChain","nativeMethod":false},{"classLoaderName":"app","moduleName":null,"moduleVersion":null,"methodName":"doFilterInternal","fileName":"FormContentFilter.java","lineNumber":93,"className":"org.springframework.web.filter.FormContentFilter","nativeMethod":false},{"classLoaderName":"app","moduleName":null,"moduleVersion":null,"methodName":"doFilter","fileName":"OncePerRequestFilter.java","lineNumber":116,"className":"org.springframework.web.filter.OncePerRequestFilter","nativeMethod":false},{"classLoaderName":"app","moduleName":null,"moduleVersion":null,"methodName":"doFilter","fileName":"MockMvcFilterDecorator.java","lineNumber":151,"className":"org.springframework.test.web.servlet.setup.MockMvcFilterDecorator","nativeMethod":false},{"classLoaderName":"app","moduleName":null,"moduleVersion":null,"methodName":"doFilter","fileName":"MockFilterChain.java","lineNumber":132,"className":"org.springframework.mock.web.MockFilterChain","nativeMethod":false},{"classLoaderName":"app","moduleName":null,"moduleVersion":null,"methodName":"doFilterInternal","fileName":"CharacterEncodingFilter.java","lineNumber":201,"className":"org.springframework.web.filter.CharacterEncodingFilter","nativeMethod":false},{"classLoaderName":"app","moduleName":null,"moduleVersion":null,"methodName":"doFilter","fileName":"OncePerRequestFilter.java","lineNumber":116,"className":"org.springframework.web.filter.OncePerRequestFilter","nativeMethod":false},{"classLoaderName":"app","moduleName":null,"moduleVersion":null,"methodName":"doFilter","fileName":"MockMvcFilterDecorator.java","lineNumber":151,"className":"org.springframework.test.web.servlet.setup.MockMvcFilterDecorator","nativeMethod":false},{"classLoaderName":"app","moduleName":null,"moduleVersion":null,"methodName":"doFilter","fileName":"MockFilterChain.java","lineNumber":132,"className":"org.springframework.mock.web.MockFilterChain","nativeMethod":false},{"classLoaderName":"app","moduleName":null,"moduleVersion":null,"methodName":"perform","fileName":"MockMvc.java","lineNumber":201,"className":"org.springframework.test.web.servlet.MockMvc","nativeMethod":false},{"classLoaderName":"app","moduleName":null,"moduleVersion":null,"methodName":"testCaseSix","fileName":"ExerciseApplicationTests.java","lineNumber":183,"className":"com.example.exercise.ExerciseApplicationTests","nativeMethod":false},{"classLoaderName":null,"moduleName":"java.base","moduleVersion":"21.0.3","methodName":"invoke","fileName":"DirectMethodHandleAccessor.java","lineNumber":103,"className":"jdk.internal.reflect.DirectMethodHandleAccessor","nativeMethod":false},{"classLoaderName":null,"moduleName":"java.base","moduleVersion":"21.0.3","methodName":"invoke","fileName":"Method.java","lineNumber":580,"className":"java.lang.reflect.Method","nativeMethod":false},{"classLoaderName":"app","moduleName":null,"moduleVersion":null,"methodName":"invokeMethod","fileName":"ReflectionUtils.java","lineNumber":728,"className":"org.junit.platform.commons.util.ReflectionUtils","nativeMethod":false},{"classLoaderName":"app","moduleName":null,"moduleVersion":null,"methodName":"proceed","fileName":"MethodInvocation.java","lineNumber":60,"className":"org.junit.jupiter.engine.execution.MethodInvocation","nativeMethod":false},{"classLoaderName":"app","moduleName":null,"moduleVersion":null,"methodName":"proceed","fileName":"InvocationInterceptorChain.java","lineNumber":131,"className":"org.junit.jupiter.engine.execution.InvocationInterceptorChain$ValidatingInvocation","nativeMethod":false},{"classLoaderName":"app","moduleName":null,"moduleVersion":null,"methodName":"intercept","fileName":"TimeoutExtension.java","lineNumber":156,"className":"org.junit.jupiter.engine.extension.TimeoutExtension","nativeMethod":false},{"classLoaderName":"app","moduleName":null,"moduleVersion":null,"methodName":"interceptTestableMethod","fileName":"TimeoutExtension.java","lineNumber":147,"className":"org.junit.jupiter.engine.extension.TimeoutExtension","nativeMethod":false},{"classLoaderName":"app","moduleName":null,"moduleVersion":null,"methodName":"interceptTestMethod","fileName":"TimeoutExtension.java","lineNumber":86,"className":"org.junit.jupiter.engine.extension.TimeoutExtension","nativeMethod":false},{"classLoaderName":"app","moduleName":null,"moduleVersion":null,"methodName":"lambda$ofVoidMethod$0","fileName":"InterceptingExecutableInvoker.java","lineNumber":103,"className":"org.junit.jupiter.engine.execution.InterceptingExecutableInvoker$ReflectiveInterceptorCall","nativeMethod":false},{"classLoaderName":"app","moduleName":null,"moduleVersion":null,"methodName":"lambda$invoke$0","fileName":"InterceptingExecutableInvoker.java","lineNumber":93,"className":"org.junit.jupiter.engine.execution.InterceptingExecutableInvoker","nativeMethod":false},{"classLoaderName":"app","moduleName":null,"moduleVersion":null,"methodName":"proceed","fileName":"InvocationInterceptorChain.java","lineNumber":106,"className":"org.junit.jupiter.engine.execution.InvocationInterceptorChain$InterceptedInvocation","nativeMethod":false},{"classLoaderName":"app","moduleName":null,"moduleVersion":null,"methodName":"proceed","fileName":"InvocationInterceptorChain.java","lineNumber":64,"className":"org.junit.jupiter.engine.execution.InvocationInterceptorChain","nativeMethod":false},{"classLoaderName":"app","moduleName":null,"moduleVersion":null,"methodName":"chainAndInvoke","fileName":"InvocationInterceptorChain.java","lineNumber":45,"className":"org.junit.jupiter.engine.execution.InvocationInterceptorChain","nativeMethod":false},{"classLoaderName":"app","moduleName":null,"moduleVersion":null,"methodName":"invoke","fileName":"InvocationInterceptorChain.java","lineNumber":37,"className":"org.junit.jupiter.engine.execution.InvocationInterceptorChain","nativeMethod":false},{"classLoaderName":"app","moduleName":null,"moduleVersion":null,"methodName":"invoke","fileName":"InterceptingExecutableInvoker.java","lineNumber":92,"className":"org.junit.jupiter.engine.execution.InterceptingExecutableInvoker","nativeMethod":false},{"classLoaderName":"app","moduleName":null,"moduleVersion":null,"methodName":"invoke","fileName":"InterceptingExecutableInvoker.java","lineNumber":86,"className":"org.junit.jupiter.engine.execution.InterceptingExecutableInvoker","nativeMethod":false},{"classLoaderName":"app","moduleName":null,"moduleVersion":null,"methodName":"lambda$invokeTestMethod$7","fileName":"TestMethodTestDescriptor.java","lineNumber":218,"className":"org.junit.jupiter.engine.descriptor.TestMethodTestDescriptor","nativeMethod":false},{"classLoaderName":"app","moduleName":null,"moduleVersion":null,"methodName":"execute","fileName":"ThrowableCollector.java","lineNumber":73,"className":"org.junit.platform.engine.support.hierarchical.ThrowableCollector","nativeMethod":false},{"classLoaderName":"app","moduleName":null,"moduleVersion":null,"methodName":"invokeTestMethod","fileName":"TestMethodTestDescriptor.java","lineNumber":214,"className":"org.junit.jupiter.engine.descriptor.TestMethodTestDescriptor","nativeMethod":false},{"classLoaderName":"app","moduleName":null,"moduleVersion":null,"methodName":"execute","fileName":"TestMethodTestDescriptor.java","lineNumber":139,"className":"org.junit.jupiter.engine.descriptor.TestMethodTestDescriptor","nativeMethod":false},{"classLoaderName":"app","moduleName":null,"moduleVersion":null,"methodName":"execute","fileName":"TestMethodTestDescriptor.java","lineNumber":69,"className":"org.junit.jupiter.engine.descriptor.TestMethodTestDescriptor","nativeMethod":false},{"classLoaderName":"app","moduleName":null,"moduleVersion":null,"methodName":"lambda$executeRecursively$6","fileName":"NodeTestTask.java","lineNumber":151,"className":"org.junit.platform.engine.support.hierarchical.NodeTestTask","nativeMethod":false},{"classLoaderName":"app","moduleName":null,"moduleVersion":null,"methodName":"execute","fileName":"ThrowableCollector.java","lineNumber":73,"className":"org.junit.platform.engine.support.hierarchical.ThrowableCollector","nativeMethod":false},{"classLoaderName":"app","moduleName":null,"moduleVersion":null,"methodName":"lambda$executeRecursively$8","fileName":"NodeTestTask.java","lineNumber":141,"className":"org.junit.platform.engine.support.hierarchical.NodeTestTask","nativeMethod":false},{"classLoaderName":"app","moduleName":null,"moduleVersion":null,"methodName":"around","fileName":"Node.java","lineNumber":137,"className":"org.junit.platform.engine.support.hierarchical.Node","nativeMethod":false},{"classLoaderName":"app","moduleName":null,"moduleVersion":null,"methodName":"lambda$executeRecursively$9","fileName":"NodeTestTask.java","lineNumber":139,"className":"org.junit.platform.engine.support.hierarchical.NodeTestTask","nativeMethod":false},{"classLoaderName":"app","moduleName":null,"moduleVersion":null,"methodName":"execute","fileName":"ThrowableCollector.java","lineNumber":73,"className":"org.junit.platform.engine.support.hierarchical.ThrowableCollector","nativeMethod":false},{"classLoaderName":"app","moduleName":null,"moduleVersion":null,"methodName":"executeRecursively","fileName":"NodeTestTask.java","lineNumber":138,"className":"org.junit.platform.engine.support.hierarchical.NodeTestTask","nativeMethod":false},{"classLoaderName":"app","moduleName":null,"moduleVersion":null,"methodName":"execute","fileName":"NodeTestTask.java","lineNumber":95,"className":"org.junit.platform.engine.support.hierarchical.NodeTestTask","nativeMethod":false},{"classLoaderName":null,"moduleName":"java.base","moduleVersion":"21.0.3","methodName":"forEach","fileName":"ArrayList.java","lineNumber":1596,"className":"java.util.ArrayList","nativeMethod":false},{"classLoaderName":"app","moduleName":null,"moduleVersion":null,"methodName":"invokeAll","fileName":"SameThreadHierarchicalTestExecutorService.java","lineNumber":41,"className":"org.junit.platform.engine.support.hierarchical.SameThreadHierarchicalTestExecutorService","nativeMethod":false},{"classLoaderName":"app","moduleName":null,"moduleVersion":null,"methodName":"lambda$executeRecursively$6","fileName":"NodeTestTask.java","lineNumber":155,"className":"org.junit.platform.engine.support.hierarchical.NodeTestTask","nativeMethod":false},{"classLoaderName":"app","moduleName":null,"moduleVersion":null,"methodName":"execute","fileName":"ThrowableCollector.java","lineNumber":73,"className":"org.junit.platform.engine.support.hierarchical.ThrowableCollector","nativeMethod":false},{"classLoaderName":"app","moduleName":null,"moduleVersion":null,"methodName":"lambda$executeRecursively$8","fileName":"NodeTestTask.java","lineNumber":141,"className":"org.junit.platform.engine.support.hierarchical.NodeTestTask","nativeMethod":false},{"classLoaderName":"app","moduleName":null,"moduleVersion":null,"methodName":"around","fileName":"Node.java","lineNumber":137,"className":"org.junit.platform.engine.support.hierarchical.Node","nativeMethod":false},{"classLoaderName":"app","moduleName":null,"moduleVersion":null,"methodName":"lambda$executeRecursively$9","fileName":"NodeTestTask.java","lineNumber":139,"className":"org.junit.platform.engine.support.hierarchical.NodeTestTask","nativeMethod":false},{"classLoaderName":"app","moduleName":null,"moduleVersion":null,"methodName":"execute","fileName":"ThrowableCollector.java","lineNumber":73,"className":"org.junit.platform.engine.support.hierarchical.ThrowableCollector","nativeMethod":false},{"classLoaderName":"app","moduleName":null,"moduleVersion":null,"methodName":"executeRecursively","fileName":"NodeTestTask.java","lineNumber":138,"className":"org.junit.platform.engine.support.hierarchical.NodeTestTask","nativeMethod":false},{"classLoaderName":"app","moduleName":null,"moduleVersion":null,"methodName":"execute","fileName":"NodeTestTask.java","lineNumber":95,"className":"org.junit.platform.engine.support.hierarchical.NodeTestTask","nativeMethod":false},{"classLoaderName":null,"moduleName":"java.base","moduleVersion":"21.0.3","methodName":"forEach","fileName":"ArrayList.java","lineNumber":1596,"className":"java.util.ArrayList","nativeMethod":false},{"classLoaderName":"app","moduleName":null,"moduleVersion":null,"methodName":"invokeAll","fileName":"SameThreadHierarchicalTestExecutorService.java","lineNumber":41,"className":"org.junit.platform.engine.support.hierarchical.SameThreadHierarchicalTestExecutorService","nativeMethod":false},{"classLoaderName":"app","moduleName":null,"moduleVersion":null,"methodName":"lambda$executeRecursively$6","fileName":"NodeTestTask.java","lineNumber":155,"className":"org.junit.platform.engine.support.hierarchical.NodeTestTask","nativeMethod":false},{"classLoaderName":"app","moduleName":null,"moduleVersion":null,"methodName":"execute","fileName":"ThrowableCollector.java","lineNumber":73,"className":"org.junit.platform.engine.support.hierarchical.ThrowableCollector","nativeMethod":false},{"classLoaderName":"app","moduleName":null,"moduleVersion":null,"methodName":"lambda$executeRecursively$8","fileName":"NodeTestTask.java","lineNumber":141,"className":"org.junit.platform.engine.support.hierarchical.NodeTestTask","nativeMethod":false},{"classLoaderName":"app","moduleName":null,"moduleVersion":null,"methodName":"around","fileName":"Node.java","lineNumber":137,"className":"org.junit.platform.engine.support.hierarchical.Node","nativeMethod":false},{"classLoaderName":"app","moduleName":null,"moduleVersion":null,"methodName":"lambda$executeRecursively$9","fileName":"NodeTestTask.java","lineNumber":139,"className":"org.junit.platform.engine.support.hierarchical.NodeTestTask","nativeMethod":false},{"classLoaderName":"app","moduleName":null,"moduleVersion":null,"methodName":"execute","fileName":"ThrowableCollector.java","lineNumber":73,"className":"org.junit.platform.engine.support.hierarchical.ThrowableCollector","nativeMethod":false},{"classLoaderName":"app","moduleName":null,"moduleVersion":null,"methodName":"executeRecursively","fileName":"NodeTestTask.java","lineNumber":138,"className":"org.junit.platform.engine.support.hierarchical.NodeTestTask","nativeMethod":false},{"classLoaderName":"app","moduleName":null,"moduleVersion":null,"methodName":"execute","fileName":"NodeTestTask.java","lineNumber":95,"className":"org.junit.platform.engine.support.hierarchical.NodeTestTask","nativeMethod":false},{"classLoaderName":"app","moduleName":null,"moduleVersion":null,"methodName":"submit","fileName":"SameThreadHierarchicalTestExecutorService.java","lineNumber":35,"className":"org.junit.platform.engine.support.hierarchical.SameThreadHierarchicalTestExecutorService","nativeMethod":false},{"classLoaderName":"app","moduleName":null,"moduleVersion":null,"methodName":"execute","fileName":"HierarchicalTestExecutor.java","lineNumber":57,"className":"org.junit.platform.engine.support.hierarchical.HierarchicalTestExecutor","nativeMethod":false},{"classLoaderName":"app","moduleName":null,"moduleVersion":null,"methodName":"execute","fileName":"HierarchicalTestEngine.java","lineNumber":54,"className":"org.junit.platform.engine.support.hierarchical.HierarchicalTestEngine","nativeMethod":false},{"classLoaderName":"app","moduleName":null,"moduleVersion":null,"methodName":"execute","fileName":"EngineExecutionOrchestrator.java","lineNumber":198,"className":"org.junit.platform.launcher.core.EngineExecutionOrchestrator","nativeMethod":false},{"classLoaderName":"app","moduleName":null,"moduleVersion":null,"methodName":"execute","fileName":"EngineExecutionOrchestrator.java","lineNumber":169,"className":"org.junit.platform.launcher.core.EngineExecutionOrchestrator","nativeMethod":false},{"classLoaderName":"app","moduleName":null,"moduleVersion":null,"methodName":"execute","fileName":"EngineExecutionOrchestrator.java","lineNumber":93,"className":"org.junit.platform.launcher.core.EngineExecutionOrchestrator","nativeMethod":false},{"classLoaderName":"app","moduleName":null,"moduleVersion":null,"methodName":"lambda$execute$0","fileName":"EngineExecutionOrchestrator.java","lineNumber":58,"className":"org.junit.platform.launcher.core.EngineExecutionOrchestrator","nativeMethod":false},{"classLoaderName":"app","moduleName":null,"moduleVersion":null,"methodName":"withInterceptedStreams","fileName":"EngineExecutionOrchestrator.java","lineNumber":141,"className":"org.junit.platform.launcher.core.EngineExecutionOrchestrator","nativeMethod":false},{"classLoaderName":"app","moduleName":null,"moduleVersion":null,"methodName":"execute","fileName":"EngineExecutionOrchestrator.java","lineNumber":57,"className":"org.junit.platform.launcher.core.EngineExecutionOrchestrator","nativeMethod":false},{"classLoaderName":"app","moduleName":null,"moduleVersion":null,"methodName":"execute","fileName":"DefaultLauncher.java","lineNumber":103,"className":"org.junit.platform.launcher.core.DefaultLauncher","nativeMethod":false},{"classLoaderName":"app","moduleName":null,"moduleVersion":null,"methodName":"execute","fileName":"DefaultLauncher.java","lineNumber":85,"className":"org.junit.platform.launcher.core.DefaultLauncher","nativeMethod":false},{"classLoaderName":"app","moduleName":null,"moduleVersion":null,"methodName":"execute","fileName":"DelegatingLauncher.java","lineNumber":47,"className":"org.junit.platform.launcher.core.DelegatingLauncher","nativeMethod":false},{"classLoaderName":"app","moduleName":null,"moduleVersion":null,"methodName":"execute","fileName":"LazyLauncher.java","lineNumber":56,"className":"org.apache.maven.surefire.junitplatform.LazyLauncher","nativeMethod":false},{"classLoaderName":"app","moduleName":null,"moduleVersion":null,"methodName":"execute","fileName":"JUnitPlatformProvider.java","lineNumber":184,"className":"org.apache.maven.surefire.junitplatform.JUnitPlatformProvider","nativeMethod":false},{"classLoaderName":"app","moduleName":null,"moduleVersion":null,"methodName":"invokeAllTests","fileName":"JUnitPlatformProvider.java","lineNumber":148,"className":"org.apache.maven.surefire.junitplatform.JUnitPlatformProvider","nativeMethod":false},{"classLoaderName":"app","moduleName":null,"moduleVersion":null,"methodName":"invoke","fileName":"JUnitPlatformProvider.java","lineNumber":122,"className":"org.apache.maven.surefire.junitplatform.JUnitPlatformProvider","nativeMethod":false},{"classLoaderName":"app","moduleName":null,"moduleVersion":null,"methodName":"runSuitesInProcess","fileName":"ForkedBooter.java","lineNumber":385,"className":"org.apache.maven.surefire.booter.ForkedBooter","nativeMethod":false},{"classLoaderName":"app","moduleName":null,"moduleVersion":null,"methodName":"execute","fileName":"ForkedBooter.java","lineNumber":162,"className":"org.apache.maven.surefire.booter.ForkedBooter","nativeMethod":false},{"classLoaderName":"app","moduleName":null,"moduleVersion":null,"methodName":"run","fileName":"ForkedBooter.java","lineNumber":507,"className":"org.apache.maven.surefire.booter.ForkedBooter","nativeMethod":false},{"classLoaderName":"app","moduleName":null,"moduleVersion":null,"methodName":"main","fileName":"ForkedBooter.java","lineNumber":495,"className":"org.apache.maven.surefire.booter.ForkedBooter","nativeMethod":false}],"entityName":"com.example.exercise.enity.Vehicle","propertyName":"vin","message":"not-null property references a null or transient value : com.example.exercise.enity.Vehicle.vin","suppressed":[],"localizedMessage":"not-null property references a null or transient value : com.example.exercise.enity.Vehicle.vin"},"stackTrace":[{"classLoaderName":"app","moduleName":null,"moduleVersion":null,"methodName":"convertHibernateAccessException","fileName":"HibernateJpaDialect.java","lineNumber":307,"className":"org.springframework.orm.jpa.vendor.HibernateJpaDialect","nativeMethod":false},{"classLoaderName":"app","moduleName":null,"moduleVersion":null,"methodName":"translateExceptionIfPossible","fileName":"HibernateJpaDialect.java","lineNumber":241,"className":"org.springframework.orm.jpa.vendor.HibernateJpaDialect","nativeMethod":false},{"classLoaderName":"app","moduleName":null,"moduleVersion":null,"methodName":"translateExceptionIfPossible","fileName":"AbstractEntityManagerFactoryBean.java","lineNumber":550,"className":"org.springframework.orm.jpa.AbstractEntityManagerFactoryBean","nativeMethod":false},{"classLoaderName":"app","moduleName":null,"moduleVersion":null,"methodName":"translateExceptionIfPossible","fileName":"ChainedPersistenceExceptionTranslator.java","lineNumber":61,"className":"org.springframework.dao.support.ChainedPersistenceExceptionTranslator","nativeMethod":false},{"classLoaderName":"app","moduleName":null,"moduleVersion":null,"methodName":"translateIfNecessary","fileName":"DataAccessUtils.java","lineNumber":335,"className":"org.springframework.dao.support.DataAccessUtils","nativeMethod":false},{"classLoaderName":"app","moduleName":null,"moduleVersion":null,"methodName":"invoke","fileName":"PersistenceExceptionTranslationInterceptor.java","lineNumber":152,"className":"org.springframework.dao.support.PersistenceExceptionTranslationInterceptor","nativeMethod":false},{"classLoaderName":"app","moduleName":null,"moduleVersion":null,"methodName":"proceed","fileName":"ReflectiveMethodInvocation.java","lineNumber":184,"className":"org.springframework.aop.framework.ReflectiveMethodInvocation","nativeMethod":false},{"classLoaderName":"app","moduleName":null,"moduleVersion":null,"methodName":"invoke","fileName":"CrudMethodMetadataPostProcessor.java","lineNumber":165,"className":"org.springframework.data.jpa.repository.support.CrudMethodMetadataPostProcessor$CrudMethodMetadataPopulatingMethodInterceptor","nativeMethod":false},{"classLoaderName":"app","moduleName":null,"moduleVersion":null,"methodName":"proceed","fileName":"ReflectiveMethodInvocation.java","lineNumber":184,"className":"org.springframework.aop.framework.ReflectiveMethodInvocation","nativeMethod":false},{"classLoaderName":"app","moduleName":null,"moduleVersion":null,"methodName":"invoke","fileName":"ExposeInvocationInterceptor.java","lineNumber":97,"className":"org.springframework.aop.interceptor.ExposeInvocationInterceptor","nativeMethod":false},{"classLoaderName":"app","moduleName":null,"moduleVersion":null,"methodName":"proceed","fileName":"ReflectiveMethodInvocation.java","lineNumber":184,"className":"org.springframework.aop.framework.ReflectiveMethodInvocation","nativeMethod":false},{"classLoaderName":"app","moduleName":null,"moduleVersion":null,"methodName":"invoke","fileName":"JdkDynamicAopProxy.java","lineNumber":223,"className":"org.springframework.aop.framework.JdkDynamicAopProxy","nativeMethod":false},{"classLoaderName":"app","moduleName":"jdk.proxy2","moduleVersion":null,"methodName":"save","fileName":null,"lineNumber":-1,"className":"jdk.proxy2.$Proxy125","nativeMethod":false},{"classLoaderName":"app","moduleName":null,"moduleVersion":null,"methodName":"createVehicles","fileName":"VehicleSvcImpl.java","lineNumber":53,"className":"com.example.exercise.service.impl.VehicleSvcImpl","nativeMethod":false},{"classLoaderName":null,"moduleName":"java.base","moduleVersion":"21.0.3","methodName":"invoke","fileName":"DirectMethodHandleAccessor.java","lineNumber":103,"className":"jdk.internal.reflect.DirectMethodHandleAccessor","nativeMethod":false},{"classLoaderName":null,"moduleName":"java.base","moduleVersion":"21.0.3","methodName":"invoke","fileName":"Method.java","lineNumber":580,"className":"java.lang.reflect.Method","nativeMethod":false},{"classLoaderName":"app","moduleName":null,"moduleVersion":null,"methodName":"invokeJoinpointUsingReflection","fileName":"AopUtils.java","lineNumber":354,"className":"org.springframework.aop.support.AopUtils","nativeMethod":false},{"classLoaderName":"app","moduleName":null,"moduleVersion":null,"methodName":"invokeJoinpoint","fileName":"ReflectiveMethodInvocation.java","lineNumber":196,"className":"org.springframework.aop.framework.ReflectiveMethodInvocation","nativeMethod":false},{"classLoaderName":"app","moduleName":null,"moduleVersion":null,"methodName":"proceed","fileName":"ReflectiveMethodInvocation.java","lineNumber":163,"className":"org.springframework.aop.framework.ReflectiveMethodInvocation","nativeMethod":false},{"classLoaderName":"app","moduleName":null,"moduleVersion":null,"methodName":"proceed","fileName":"CglibAopProxy.java","lineNumber":768,"className":"org.springframework.aop.framework.CglibAopProxy$CglibMethodInvocation","nativeMethod":false},{"classLoaderName":"app","moduleName":null,"moduleVersion":null,"methodName":"proceedWithInvocation","fileName":"TransactionInterceptor.java","lineNumber":123,"className":"org.springframework.transaction.interceptor.TransactionInterceptor$1","nativeMethod":false},{"classLoaderName":"app","moduleName":null,"moduleVersion":null,"methodName":"invokeWithinTransaction","fileName":"TransactionAspectSupport.java","lineNumber":392,"className":"org.springframework.transaction.interceptor.TransactionAspectSupport","nativeMethod":false},{"classLoaderName":"app","moduleName":null,"moduleVersion":null,"methodName":"invoke","fileName":"TransactionInterceptor.java","lineNumber":119,"className":"org.springframework.transaction.interceptor.TransactionInterceptor","nativeMethod":false},{"classLoaderName":"app","moduleName":null,"moduleVersion":null,"methodName":"proceed","fileName":"ReflectiveMethodInvocation.java","lineNumber":184,"className":"org.springframework.aop.framework.ReflectiveMethodInvocation","nativeMethod":false},{"classLoaderName":"app","moduleName":null,"moduleVersion":null,"methodName":"proceed","fileName":"CglibAopProxy.java","lineNumber":768,"className":"org.springframework.aop.framework.CglibAopProxy$CglibMethodInvocation","nativeMethod":false},{"classLoaderName":"app","moduleName":null,"moduleVersion":null,"methodName":"intercept","fileName":"CglibAopProxy.java","lineNumber":720,"className":"org.springframework.aop.framework.CglibAopProxy$DynamicAdvisedInterceptor","nativeMethod":false},{"classLoaderName":"app","moduleName":null,"moduleVersion":null,"methodName":"createVehicles","fileName":"<generated>","lineNumber":-1,"className":"com.example.exercise.service.impl.VehicleSvcImpl$$SpringCGLIB$$0","nativeMethod":false},{"classLoaderName":"app","moduleName":null,"moduleVersion":null,"methodName":"createVehicles","fileName":"RestControler.java","lineNumber":32,"className":"com.example.exercise.rest.RestControler","nativeMethod":false},{"classLoaderName":null,"moduleName":"java.base","moduleVersion":"21.0.3","methodName":"invoke","fileName":"DirectMethodHandleAccessor.java","lineNumber":103,"className":"jdk.internal.reflect.DirectMethodHandleAccessor","nativeMethod":false},{"classLoaderName":null,"moduleName":"java.base","moduleVersion":"21.0.3","methodName":"invoke","fileName":"Method.java","lineNumber":580,"className":"java.lang.reflect.Method","nativeMethod":false},{"classLoaderName":"app","moduleName":null,"moduleVersion":null,"methodName":"doInvoke","fileName":"InvocableHandlerMethod.java","lineNumber":255,"className":"org.springframework.web.method.support.InvocableHandlerMethod","nativeMethod":false},{"classLoaderName":"app","moduleName":null,"moduleVersion":null,"methodName":"invokeForRequest","fileName":"InvocableHandlerMethod.java","lineNumber":188,"className":"org.springframework.web.method.support.InvocableHandlerMethod","nativeMethod":false},{"classLoaderName":"app","moduleName":null,"moduleVersion":null,"methodName":"invokeAndHandle","fileName":"ServletInvocableHandlerMethod.java","lineNumber":118,"className":"org.springframework.web.servlet.mvc.method.annotation.ServletInvocableHandlerMethod","nativeMethod":false},{"classLoaderName":"app","moduleName":null,"moduleVersion":null,"methodName":"invokeHandlerMethod","fileName":"RequestMappingHandlerAdapter.java","lineNumber":926,"className":"org.springframework.web.servlet.mvc.method.annotation.RequestMappingHandlerAdapter","nativeMethod":false},{"classLoaderName":"app","moduleName":null,"moduleVersion":null,"methodName":"handleInternal","fileName":"RequestMappingHandlerAdapter.java","lineNumber":831,"className":"org.springframework.web.servlet.mvc.method.annotation.RequestMappingHandlerAdapter","nativeMethod":false},{"classLoaderName":"app","moduleName":null,"moduleVersion":null,"methodName":"handle","fileName":"AbstractHandlerMethodAdapter.java","lineNumber":87,"className":"org.springframework.web.servlet.mvc.method.AbstractHandlerMethodAdapter","nativeMethod":false},{"classLoaderName":"app","moduleName":null,"moduleVersion":null,"methodName":"doDispatch","fileName":"DispatcherServlet.java","lineNumber":1089,"className":"org.springframework.web.servlet.DispatcherServlet","nativeMethod":false},{"classLoaderName":"app","moduleName":null,"moduleVersion":null,"methodName":"doService","fileName":"DispatcherServlet.java","lineNumber":979,"className":"org.springframework.web.servlet.DispatcherServlet","nativeMethod":false},{"classLoaderName":"app","moduleName":null,"moduleVersion":null,"methodName":"processRequest","fileName":"FrameworkServlet.java","lineNumber":1014,"className":"org.springframework.web.servlet.FrameworkServlet","nativeMethod":false},{"classLoaderName":"app","moduleName":null,"moduleVersion":null,"methodName":"doPost","fileName":"FrameworkServlet.java","lineNumber":914,"className":"org.springframework.web.servlet.FrameworkServlet","nativeMethod":false},{"classLoaderName":"app","moduleName":null,"moduleVersion":null,"methodName":"service","fileName":"HttpServlet.java","lineNumber":590,"className":"jakarta.servlet.http.HttpServlet","nativeMethod":false},{"classLoaderName":"app","moduleName":null,"moduleVersion":null,"methodName":"service","fileName":"FrameworkServlet.java","lineNumber":885,"className":"org.springframework.web.servlet.FrameworkServlet","nativeMethod":false},{"classLoaderName":"app","moduleName":null,"moduleVersion":null,"methodName":"service","fileName":"TestDispatcherServlet.java","lineNumber":72,"className":"org.springframework.test.web.servlet.TestDispatcherServlet","nativeMethod":false},{"classLoaderName":"app","moduleName":null,"moduleVersion":null,"methodName":"service","fileName":"HttpServlet.java","lineNumber":658,"className":"jakarta.servlet.http.HttpServlet","nativeMethod":false},{"classLoaderName":"app","moduleName":null,"moduleVersion":null,"methodName":"doFilter","fileName":"MockFilterChain.java","lineNumber":165,"className":"org.springframework.mock.web.MockFilterChain$ServletFilterProxy","nativeMethod":false},{"classLoaderName":"app","moduleName":null,"moduleVersion":null,"methodName":"doFilter","fileName":"MockFilterChain.java","lineNumber":132,"className":"org.springframework.mock.web.MockFilterChain","nativeMethod":false},{"classLoaderName":"app","moduleName":null,"moduleVersion":null,"methodName":"doFilterInternal","fileName":"RequestContextFilter.java","lineNumber":100,"className":"org.springframework.web.filter.RequestContextFilter","nativeMethod":false},{"classLoaderName":"app","moduleName":null,"moduleVersion":null,"methodName":"doFilter","fileName":"OncePerRequestFilter.java","lineNumber":116,"className":"org.springframework.web.filter.OncePerRequestFilter","nativeMethod":false},{"classLoaderName":"app","moduleName":null,"moduleVersion":null,"methodName":"doFilter","fileName":"MockMvcFilterDecorator.java","lineNumber":151,"className":"org.springframework.test.web.servlet.setup.MockMvcFilterDecorator","nativeMethod":false},{"classLoaderName":"app","moduleName":null,"moduleVersion":null,"methodName":"doFilter","fileName":"MockFilterChain.java","lineNumber":132,"className":"org.springframework.mock.web.MockFilterChain","nativeMethod":false},{"classLoaderName":"app","moduleName":null,"moduleVersion":null,"methodName":"doFilterInternal","fileName":"FormContentFilter.java","lineNumber":93,"className":"org.springframework.web.filter.FormContentFilter","nativeMethod":false},{"classLoaderName":"app","moduleName":null,"moduleVersion":null,"methodName":"doFilter","fileName":"OncePerRequestFilter.java","lineNumber":116,"className":"org.springframework.web.filter.OncePerRequestFilter","nativeMethod":false},{"classLoaderName":"app","moduleName":null,"moduleVersion":null,"methodName":"doFilter","fileName":"MockMvcFilterDecorator.java","lineNumber":151,"className":"org.springframework.test.web.servlet.setup.MockMvcFilterDecorator","nativeMethod":false},{"classLoaderName":"app","moduleName":null,"moduleVersion":null,"methodName":"doFilter","fileName":"MockFilterChain.java","lineNumber":132,"className":"org.springframework.mock.web.MockFilterChain","nativeMethod":false},{"classLoaderName":"app","moduleName":null,"moduleVersion":null,"methodName":"doFilterInternal","fileName":"CharacterEncodingFilter.java","lineNumber":201,"className":"org.springframework.web.filter.CharacterEncodingFilter","nativeMethod":false},{"classLoaderName":"app","moduleName":null,"moduleVersion":null,"methodName":"doFilter","fileName":"OncePerRequestFilter.java","lineNumber":116,"className":"org.springframework.web.filter.OncePerRequestFilter","nativeMethod":false},{"classLoaderName":"app","moduleName":null,"moduleVersion":null,"methodName":"doFilter","fileName":"MockMvcFilterDecorator.java","lineNumber":151,"className":"org.springframework.test.web.servlet.setup.MockMvcFilterDecorator","nativeMethod":false},{"classLoaderName":"app","moduleName":null,"moduleVersion":null,"methodName":"doFilter","fileName":"MockFilterChain.java","lineNumber":132,"className":"org.springframework.mock.web.MockFilterChain","nativeMethod":false},{"classLoaderName":"app","moduleName":null,"moduleVersion":null,"methodName":"perform","fileName":"MockMvc.java","lineNumber":201,"className":"org.springframework.test.web.servlet.MockMvc","nativeMethod":false},{"classLoaderName":"app","moduleName":null,"moduleVersion":null,"methodName":"testCaseSix","fileName":"ExerciseApplicationTests.java","lineNumber":183,"className":"com.example.exercise.ExerciseApplicationTests","nativeMethod":false},{"classLoaderName":null,"moduleName":"java.base","moduleVersion":"21.0.3","methodName":"invoke","fileName":"DirectMethodHandleAccessor.java","lineNumber":103,"className":"jdk.internal.reflect.DirectMethodHandleAccessor","nativeMethod":false},{"classLoaderName":null,"moduleName":"java.base","moduleVersion":"21.0.3","methodName":"invoke","fileName":"Method.java","lineNumber":580,"className":"java.lang.reflect.Method","nativeMethod":false},{"classLoaderName":"app","moduleName":null,"moduleVersion":null,"methodName":"invokeMethod","fileName":"ReflectionUtils.java","lineNumber":728,"className":"org.junit.platform.commons.util.ReflectionUtils","nativeMethod":false},{"classLoaderName":"app","moduleName":null,"moduleVersion":null,"methodName":"proceed","fileName":"MethodInvocation.java","lineNumber":60,"className":"org.junit.jupiter.engine.execution.MethodInvocation","nativeMethod":false},{"classLoaderName":"app","moduleName":null,"moduleVersion":null,"methodName":"proceed","fileName":"InvocationInterceptorChain.java","lineNumber":131,"className":"org.junit.jupiter.engine.execution.InvocationInterceptorChain$ValidatingInvocation","nativeMethod":false},{"classLoaderName":"app","moduleName":null,"moduleVersion":null,"methodName":"intercept","fileName":"TimeoutExtension.java","lineNumber":156,"className":"org.junit.jupiter.engine.extension.TimeoutExtension","nativeMethod":false},{"classLoaderName":"app","moduleName":null,"moduleVersion":null,"methodName":"interceptTestableMethod","fileName":"TimeoutExtension.java","lineNumber":147,"className":"org.junit.jupiter.engine.extension.TimeoutExtension","nativeMethod":false},{"classLoaderName":"app","moduleName":null,"moduleVersion":null,"methodName":"interceptTestMethod","fileName":"TimeoutExtension.java","lineNumber":86,"className":"org.junit.jupiter.engine.extension.TimeoutExtension","nativeMethod":false},{"classLoaderName":"app","moduleName":null,"moduleVersion":null,"methodName":"lambda$ofVoidMethod$0","fileName":"InterceptingExecutableInvoker.java","lineNumber":103,"className":"org.junit.jupiter.engine.execution.InterceptingExecutableInvoker$ReflectiveInterceptorCall","nativeMethod":false},{"classLoaderName":"app","moduleName":null,"moduleVersion":null,"methodName":"lambda$invoke$0","fileName":"InterceptingExecutableInvoker.java","lineNumber":93,"className":"org.junit.jupiter.engine.execution.InterceptingExecutableInvoker","nativeMethod":false},{"classLoaderName":"app","moduleName":null,"moduleVersion":null,"methodName":"proceed","fileName":"InvocationInterceptorChain.java","lineNumber":106,"className":"org.junit.jupiter.engine.execution.InvocationInterceptorChain$InterceptedInvocation","nativeMethod":false},{"classLoaderName":"app","moduleName":null,"moduleVersion":null,"methodName":"proceed","fileName":"InvocationInterceptorChain.java","lineNumber":64,"className":"org.junit.jupiter.engine.execution.InvocationInterceptorChain","nativeMethod":false},{"classLoaderName":"app","moduleName":null,"moduleVersion":null,"methodName":"chainAndInvoke","fileName":"InvocationInterceptorChain.java","lineNumber":45,"className":"org.junit.jupiter.engine.execution.InvocationInterceptorChain","nativeMethod":false},{"classLoaderName":"app","moduleName":null,"moduleVersion":null,"methodName":"invoke","fileName":"InvocationInterceptorChain.java","lineNumber":37,"className":"org.junit.jupiter.engine.execution.InvocationInterceptorChain","nativeMethod":false},{"classLoaderName":"app","moduleName":null,"moduleVersion":null,"methodName":"invoke","fileName":"InterceptingExecutableInvoker.java","lineNumber":92,"className":"org.junit.jupiter.engine.execution.InterceptingExecutableInvoker","nativeMethod":false},{"classLoaderName":"app","moduleName":null,"moduleVersion":null,"methodName":"invoke","fileName":"InterceptingExecutableInvoker.java","lineNumber":86,"className":"org.junit.jupiter.engine.execution.InterceptingExecutableInvoker","nativeMethod":false},{"classLoaderName":"app","moduleName":null,"moduleVersion":null,"methodName":"lambda$invokeTestMethod$7","fileName":"TestMethodTestDescriptor.java","lineNumber":218,"className":"org.junit.jupiter.engine.descriptor.TestMethodTestDescriptor","nativeMethod":false},{"classLoaderName":"app","moduleName":null,"moduleVersion":null,"methodName":"execute","fileName":"ThrowableCollector.java","lineNumber":73,"className":"org.junit.platform.engine.support.hierarchical.ThrowableCollector","nativeMethod":false},{"classLoaderName":"app","moduleName":null,"moduleVersion":null,"methodName":"invokeTestMethod","fileName":"TestMethodTestDescriptor.java","lineNumber":214,"className":"org.junit.jupiter.engine.descriptor.TestMethodTestDescriptor","nativeMethod":false},{"classLoaderName":"app","moduleName":null,"moduleVersion":null,"methodName":"execute","fileName":"TestMethodTestDescriptor.java","lineNumber":139,"className":"org.junit.jupiter.engine.descriptor.TestMethodTestDescriptor","nativeMethod":false},{"classLoaderName":"app","moduleName":null,"moduleVersion":null,"methodName":"execute","fileName":"TestMethodTestDescriptor.java","lineNumber":69,"className":"org.junit.jupiter.engine.descriptor.TestMethodTestDescriptor","nativeMethod":false},{"classLoaderName":"app","moduleName":null,"moduleVersion":null,"methodName":"lambda$executeRecursively$6","fileName":"NodeTestTask.java","lineNumber":151,"className":"org.junit.platform.engine.support.hierarchical.NodeTestTask","nativeMethod":false},{"classLoaderName":"app","moduleName":null,"moduleVersion":null,"methodName":"execute","fileName":"ThrowableCollector.java","lineNumber":73,"className":"org.junit.platform.engine.support.hierarchical.ThrowableCollector","nativeMethod":false},{"classLoaderName":"app","moduleName":null,"moduleVersion":null,"methodName":"lambda$executeRecursively$8","fileName":"NodeTestTask.java","lineNumber":141,"className":"org.junit.platform.engine.support.hierarchical.NodeTestTask","nativeMethod":false},{"classLoaderName":"app","moduleName":null,"moduleVersion":null,"methodName":"around","fileName":"Node.java","lineNumber":137,"className":"org.junit.platform.engine.support.hierarchical.Node","nativeMethod":false},{"classLoaderName":"app","moduleName":null,"moduleVersion":null,"methodName":"lambda$executeRecursively$9","fileName":"NodeTestTask.java","lineNumber":139,"className":"org.junit.platform.engine.support.hierarchical.NodeTestTask","nativeMethod":false},{"classLoaderName":"app","moduleName":null,"moduleVersion":null,"methodName":"execute","fileName":"ThrowableCollector.java","lineNumber":73,"className":"org.junit.platform.engine.support.hierarchical.ThrowableCollector","nativeMethod":false},{"classLoaderName":"app","moduleName":null,"moduleVersion":null,"methodName":"executeRecursively","fileName":"NodeTestTask.java","lineNumber":138,"className":"org.junit.platform.engine.support.hierarchical.NodeTestTask","nativeMethod":false},{"classLoaderName":"app","moduleName":null,"moduleVersion":null,"methodName":"execute","fileName":"NodeTestTask.java","lineNumber":95,"className":"org.junit.platform.engine.support.hierarchical.NodeTestTask","nativeMethod":false},{"classLoaderName":null,"moduleName":"java.base","moduleVersion":"21.0.3","methodName":"forEach","fileName":"ArrayList.java","lineNumber":1596,"className":"java.util.ArrayList","nativeMethod":false},{"classLoaderName":"app","moduleName":null,"moduleVersion":null,"methodName":"invokeAll","fileName":"SameThreadHierarchicalTestExecutorService.java","lineNumber":41,"className":"org.junit.platform.engine.support.hierarchical.SameThreadHierarchicalTestExecutorService","nativeMethod":false},{"classLoaderName":"app","moduleName":null,"moduleVersion":null,"methodName":"lambda$executeRecursively$6","fileName":"NodeTestTask.java","lineNumber":155,"className":"org.junit.platform.engine.support.hierarchical.NodeTestTask","nativeMethod":false},{"classLoaderName":"app","moduleName":null,"moduleVersion":null,"methodName":"execute","fileName":"ThrowableCollector.java","lineNumber":73,"className":"org.junit.platform.engine.support.hierarchical.ThrowableCollector","nativeMethod":false},{"classLoaderName":"app","moduleName":null,"moduleVersion":null,"methodName":"lambda$executeRecursively$8","fileName":"NodeTestTask.java","lineNumber":141,"className":"org.junit.platform.engine.support.hierarchical.NodeTestTask","nativeMethod":false},{"classLoaderName":"app","moduleName":null,"moduleVersion":null,"methodName":"around","fileName":"Node.java","lineNumber":137,"className":"org.junit.platform.engine.support.hierarchical.Node","nativeMethod":false},{"classLoaderName":"app","moduleName":null,"moduleVersion":null,"methodName":"lambda$executeRecursively$9","fileName":"NodeTestTask.java","lineNumber":139,"className":"org.junit.platform.engine.support.hierarchical.NodeTestTask","nativeMethod":false},{"classLoaderName":"app","moduleName":null,"moduleVersion":null,"methodName":"execute","fileName":"ThrowableCollector.java","lineNumber":73,"className":"org.junit.platform.engine.support.hierarchical.ThrowableCollector","nativeMethod":false},{"classLoaderName":"app","moduleName":null,"moduleVersion":null,"methodName":"executeRecursively","fileName":"NodeTestTask.java","lineNumber":138,"className":"org.junit.platform.engine.support.hierarchical.NodeTestTask","nativeMethod":false},{"classLoaderName":"app","moduleName":null,"moduleVersion":null,"methodName":"execute","fileName":"NodeTestTask.java","lineNumber":95,"className":"org.junit.platform.engine.support.hierarchical.NodeTestTask","nativeMethod":false},{"classLoaderName":null,"moduleName":"java.base","moduleVersion":"21.0.3","methodName":"forEach","fileName":"ArrayList.java","lineNumber":1596,"className":"java.util.ArrayList","nativeMethod":false},{"classLoaderName":"app","moduleName":null,"moduleVersion":null,"methodName":"invokeAll","fileName":"SameThreadHierarchicalTestExecutorService.java","lineNumber":41,"className":"org.junit.platform.engine.support.hierarchical.SameThreadHierarchicalTestExecutorService","nativeMethod":false},{"classLoaderName":"app","moduleName":null,"moduleVersion":null,"methodName":"lambda$executeRecursively$6","fileName":"NodeTestTask.java","lineNumber":155,"className":"org.junit.platform.engine.support.hierarchical.NodeTestTask","nativeMethod":false},{"classLoaderName":"app","moduleName":null,"moduleVersion":null,"methodName":"execute","fileName":"ThrowableCollector.java","lineNumber":73,"className":"org.junit.platform.engine.support.hierarchical.ThrowableCollector","nativeMethod":false},{"classLoaderName":"app","moduleName":null,"moduleVersion":null,"methodName":"lambda$executeRecursively$8","fileName":"NodeTestTask.java","lineNumber":141,"className":"org.junit.platform.engine.support.hierarchical.NodeTestTask","nativeMethod":false},{"classLoaderName":"app","moduleName":null,"moduleVersion":null,"methodName":"around","fileName":"Node.java","lineNumber":137,"className":"org.junit.platform.engine.support.hierarchical.Node","nativeMethod":false},{"classLoaderName":"app","moduleName":null,"moduleVersion":null,"methodName":"lambda$executeRecursively$9","fileName":"NodeTestTask.java","lineNumber":139,"className":"org.junit.platform.engine.support.hierarchical.NodeTestTask","nativeMethod":false},{"classLoaderName":"app","moduleName":null,"moduleVersion":null,"methodName":"execute","fileName":"ThrowableCollector.java","lineNumber":73,"className":"org.junit.platform.engine.support.hierarchical.ThrowableCollector","nativeMethod":false},{"classLoaderName":"app","moduleName":null,"moduleVersion":null,"methodName":"executeRecursively","fileName":"NodeTestTask.java","lineNumber":138,"className":"org.junit.platform.engine.support.hierarchical.NodeTestTask","nativeMethod":false},{"classLoaderName":"app","moduleName":null,"moduleVersion":null,"methodName":"execute","fileName":"NodeTestTask.java","lineNumber":95,"className":"org.junit.platform.engine.support.hierarchical.NodeTestTask","nativeMethod":false},{"classLoaderName":"app","moduleName":null,"moduleVersion":null,"methodName":"submit","fileName":"SameThreadHierarchicalTestExecutorService.java","lineNumber":35,"className":"org.junit.platform.engine.support.hierarchical.SameThreadHierarchicalTestExecutorService","nativeMethod":false},{"classLoaderName":"app","moduleName":null,"moduleVersion":null,"methodName":"execute","fileName":"HierarchicalTestExecutor.java","lineNumber":57,"className":"org.junit.platform.engine.support.hierarchical.HierarchicalTestExecutor","nativeMethod":false},{"classLoaderName":"app","moduleName":null,"moduleVersion":null,"methodName":"execute","fileName":"HierarchicalTestEngine.java","lineNumber":54,"className":"org.junit.platform.engine.support.hierarchical.HierarchicalTestEngine","nativeMethod":false},{"classLoaderName":"app","modu
[...]
":"app","moduleName":null,"moduleVersion":null,"methodName":"doFilter","fileName":"MockFilterChain.java","lineNumber":132,"className":"org.springframework.mock.web.MockFilterChain","nativeMethod":false},{"classLoaderName":"app","moduleName":null,"moduleVersion":null,"methodName":"doFilterInternal","fileName":"CharacterEncodingFilter.java","lineNumber":201,"className":"org.springframework.web.filter.CharacterEncodingFilter","nativeMethod":false},{"classLoaderName":"app","moduleName":null,"moduleVersion":null,"methodName":"doFilter","fileName":"OncePerRequestFilter.java","lineNumber":116,"className":"org.springframework.web.filter.OncePerRequestFilter","nativeMethod":false},{"classLoaderName":"app","moduleName":null,"moduleVersion":null,"methodName":"doFilter","fileName":"MockMvcFilterDecorator.java","lineNumber":151,"className":"org.springframework.test.web.servlet.setup.MockMvcFilterDecorator","nativeMethod":false},{"classLoaderName":"app","moduleName":null,"moduleVersion":null,"methodName":"doFilter","fileName":"MockFilterChain.java","lineNumber":132,"className":"org.springframework.mock.web.MockFilterChain","nativeMethod":false},{"classLoaderName":"app","moduleName":null,"moduleVersion":null,"methodName":"perform","fileName":"MockMvc.java","lineNumber":201,"className":"org.springframework.test.web.servlet.MockMvc","nativeMethod":false},{"classLoaderName":"app","moduleName":null,"moduleVersion":null,"methodName":"testCaseSeven","fileName":"ExerciseApplicationTests.java","lineNumber":208,"className":"com.example.exercise.ExerciseApplicationTests","nativeMethod":false},{"classLoaderName":null,"moduleName":"java.base","moduleVersion":"21.0.3","methodName":"invoke","fileName":"DirectMethodHandleAccessor.java","lineNumber":103,"className":"jdk.internal.reflect.DirectMethodHandleAccessor","nativeMethod":false},{"classLoaderName":null,"moduleName":"java.base","moduleVersion":"21.0.3","methodName":"invoke","fileName":"Method.java","lineNumber":580,"className":"java.lang.reflect.Method","nativeMethod":false},{"classLoaderName":"app","moduleName":null,"moduleVersion":null,"methodName":"invokeMethod","fileName":"ReflectionUtils.java","lineNumber":728,"className":"org.junit.platform.commons.util.ReflectionUtils","nativeMethod":false},{"classLoaderName":"app","moduleName":null,"moduleVersion":null,"methodName":"proceed","fileName":"MethodInvocation.java","lineNumber":60,"className":"org.junit.jupiter.engine.execution.MethodInvocation","nativeMethod":false},{"classLoaderName":"app","moduleName":null,"moduleVersion":null,"methodName":"proceed","fileName":"InvocationInterceptorChain.java","lineNumber":131,"className":"org.junit.jupiter.engine.execution.InvocationInterceptorChain$ValidatingInvocation","nativeMethod":false},{"classLoaderName":"app","moduleName":null,"moduleVersion":null,"methodName":"intercept","fileName":"TimeoutExtension.java","lineNumber":156,"className":"org.junit.jupiter.engine.extension.TimeoutExtension","nativeMethod":false},{"classLoaderName":"app","moduleName":null,"moduleVersion":null,"methodName":"interceptTestableMethod","fileName":"TimeoutExtension.java","lineNumber":147,"className":"org.junit.jupiter.engine.extension.TimeoutExtension","nativeMethod":false},{"classLoaderName":"app","moduleName":null,"moduleVersion":null,"methodName":"interceptTestMethod","fileName":"TimeoutExtension.java","lineNumber":86,"className":"org.junit.jupiter.engine.extension.TimeoutExtension","nativeMethod":false},{"classLoaderName":"app","moduleName":null,"moduleVersion":null,"methodName":"lambda$ofVoidMethod$0","fileName":"InterceptingExecutableInvoker.java","lineNumber":103,"className":"org.junit.jupiter.engine.execution.InterceptingExecutableInvoker$ReflectiveInterceptorCall","nativeMethod":false},{"classLoaderName":"app","moduleName":null,"moduleVersion":null,"methodName":"lambda$invoke$0","fileName":"InterceptingExecutableInvoker.java","lineNumber":93,"className":"org.junit.jupiter.engine.execution.InterceptingExecutableInvoker","nativeMethod":false},{"classLoaderName":"app","moduleName":null,"moduleVersion":null,"methodName":"proceed","fileName":"InvocationInterceptorChain.java","lineNumber":106,"className":"org.junit.jupiter.engine.execution.InvocationInterceptorChain$InterceptedInvocation","nativeMethod":false},{"classLoaderName":"app","moduleName":null,"moduleVersion":null,"methodName":"proceed","fileName":"InvocationInterceptorChain.java","lineNumber":64,"className":"org.junit.jupiter.engine.execution.InvocationInterceptorChain","nativeMethod":false},{"classLoaderName":"app","moduleName":null,"moduleVersion":null,"methodName":"chainAndInvoke","fileName":"InvocationInterceptorChain.java","lineNumber":45,"className":"org.junit.jupiter.engine.execution.InvocationInterceptorChain","nativeMethod":false},{"classLoaderName":"app","moduleName":null,"moduleVersion":null,"methodName":"invoke","fileName":"InvocationInterceptorChain.java","lineNumber":37,"className":"org.junit.jupiter.engine.execution.InvocationInterceptorChain","nativeMethod":false},{"classLoaderName":"app","moduleName":null,"moduleVersion":null,"methodName":"invoke","fileName":"InterceptingExecutableInvoker.java","lineNumber":92,"className":"org.junit.jupiter.engine.execution.InterceptingExecutableInvoker","nativeMethod":false},{"classLoaderName":"app","moduleName":null,"moduleVersion":null,"methodName":"invoke","fileName":"InterceptingExecutableInvoker.java","lineNumber":86,"className":"org.junit.jupiter.engine.execution.InterceptingExecutableInvoker","nativeMethod":false},{"classLoaderName":"app","moduleName":null,"moduleVersion":null,"methodName":"lambda$invokeTestMethod$7","fileName":"TestMethodTestDescriptor.java","lineNumber":218,"className":"org.junit.jupiter.engine.descriptor.TestMethodTestDescriptor","nativeMethod":false},{"classLoaderName":"app","moduleName":null,"moduleVersion":null,"methodName":"execute","fileName":"ThrowableCollector.java","lineNumber":73,"className":"org.junit.platform.engine.support.hierarchical.ThrowableCollector","nativeMethod":false},{"classLoaderName":"app","moduleName":null,"moduleVersion":null,"methodName":"invokeTestMethod","fileName":"TestMethodTestDescriptor.java","lineNumber":214,"className":"org.junit.jupiter.engine.descriptor.TestMethodTestDescriptor","nativeMethod":false},{"classLoaderName":"app","moduleName":null,"moduleVersion":null,"methodName":"execute","fileName":"TestMethodTestDescriptor.java","lineNumber":139,"className":"org.junit.jupiter.engine.descriptor.TestMethodTestDescriptor","nativeMethod":false},{"classLoaderName":"app","moduleName":null,"moduleVersion":null,"methodName":"execute","fileName":"TestMethodTestDescriptor.java","lineNumber":69,"className":"org.junit.jupiter.engine.descriptor.TestMethodTestDescriptor","nativeMethod":false},{"classLoaderName":"app","moduleName":null,"moduleVersion":null,"methodName":"lambda$executeRecursively$6","fileName":"NodeTestTask.java","lineNumber":151,"className":"org.junit.platform.engine.support.hierarchical.NodeTestTask","nativeMethod":false},{"classLoaderName":"app","moduleName":null,"moduleVersion":null,"methodName":"execute","fileName":"ThrowableCollector.java","lineNumber":73,"className":"org.junit.platform.engine.support.hierarchical.ThrowableCollector","nativeMethod":false},{"classLoaderName":"app","moduleName":null,"moduleVersion":null,"methodName":"lambda$executeRecursively$8","fileName":"NodeTestTask.java","lineNumber":141,"className":"org.junit.platform.engine.support.hierarchical.NodeTestTask","nativeMethod":false},{"classLoaderName":"app","moduleName":null,"moduleVersion":null,"methodName":"around","fileName":"Node.java","lineNumber":137,"className":"org.junit.platform.engine.support.hierarchical.Node","nativeMethod":false},{"classLoaderName":"app","moduleName":null,"moduleVersion":null,"methodName":"lambda$executeRecursively$9","fileName":"NodeTestTask.java","lineNumber":139,"className":"org.junit.platform.engine.support.hierarchical.NodeTestTask","nativeMethod":false},{"classLoaderName":"app","moduleName":null,"moduleVersion":null,"methodName":"execute","fileName":"ThrowableCollector.java","lineNumber":73,"className":"org.junit.platform.engine.support.hierarchical.ThrowableCollector","nativeMethod":false},{"classLoaderName":"app","moduleName":null,"moduleVersion":null,"methodName":"executeRecursively","fileName":"NodeTestTask.java","lineNumber":138,"className":"org.junit.platform.engine.support.hierarchical.NodeTestTask","nativeMethod":false},{"classLoaderName":"app","moduleName":null,"moduleVersion":null,"methodName":"execute","fileName":"NodeTestTask.java","lineNumber":95,"className":"org.junit.platform.engine.support.hierarchical.NodeTestTask","nativeMethod":false},{"classLoaderName":null,"moduleName":"java.base","moduleVersion":"21.0.3","methodName":"forEach","fileName":"ArrayList.java","lineNumber":1596,"className":"java.util.ArrayList","nativeMethod":false},{"classLoaderName":"app","moduleName":null,"moduleVersion":null,"methodName":"invokeAll","fileName":"SameThreadHierarchicalTestExecutorService.java","lineNumber":41,"className":"org.junit.platform.engine.support.hierarchical.SameThreadHierarchicalTestExecutorService","nativeMethod":false},{"classLoaderName":"app","moduleName":null,"moduleVersion":null,"methodName":"lambda$executeRecursively$6","fileName":"NodeTestTask.java","lineNumber":155,"className":"org.junit.platform.engine.support.hierarchical.NodeTestTask","nativeMethod":false},{"classLoaderName":"app","moduleName":null,"moduleVersion":null,"methodName":"execute","fileName":"ThrowableCollector.java","lineNumber":73,"className":"org.junit.platform.engine.support.hierarchical.ThrowableCollector","nativeMethod":false},{"classLoaderName":"app","moduleName":null,"moduleVersion":null,"methodName":"lambda$executeRecursively$8","fileName":"NodeTestTask.java","lineNumber":141,"className":"org.junit.platform.engine.support.hierarchical.NodeTestTask","nativeMethod":false},{"classLoaderName":"app","moduleName":null,"moduleVersion":null,"methodName":"around","fileName":"Node.java","lineNumber":137,"className":"org.junit.platform.engine.support.hierarchical.Node","nativeMethod":false},{"classLoaderName":"app","moduleName":null,"moduleVersion":null,"methodName":"lambda$executeRecursively$9","fileName":"NodeTestTask.java","lineNumber":139,"className":"org.junit.platform.engine.support.hierarchical.NodeTestTask","nativeMethod":false},{"classLoaderName":"app","moduleName":null,"moduleVersion":null,"methodName":"execute","fileName":"ThrowableCollector.java","lineNumber":73,"className":"org.junit.platform.engine.support.hierarchical.ThrowableCollector","nativeMethod":false},{"classLoaderName":"app","moduleName":null,"moduleVersion":null,"methodName":"executeRecursively","fileName":"NodeTestTask.java","lineNumber":138,"className":"org.junit.platform.engine.support.hierarchical.NodeTestTask","nativeMethod":false},{"classLoaderName":"app","moduleName":null,"moduleVersion":null,"methodName":"execute","fileName":"NodeTestTask.java","lineNumber":95,"className":"org.junit.platform.engine.support.hierarchical.NodeTestTask","nativeMethod":false},{"classLoaderName":null,"moduleName":"java.base","moduleVersion":"21.0.3","methodName":"forEach","fileName":"ArrayList.java","lineNumber":1596,"className":"java.util.ArrayList","nativeMethod":false},{"classLoaderName":"app","moduleName":null,"moduleVersion":null,"methodName":"invokeAll","fileName":"SameThreadHierarchicalTestExecutorService.java","lineNumber":41,"className":"org.junit.platform.engine.support.hierarchical.SameThreadHierarchicalTestExecutorService","nativeMethod":false},{"classLoaderName":"app","moduleName":null,"moduleVersion":null,"methodName":"lambda$executeRecursively$6","fileName":"NodeTestTask.java","lineNumber":155,"className":"org.junit.platform.engine.support.hierarchical.NodeTestTask","nativeMethod":false},{"classLoaderName":"app","moduleName":null,"moduleVersion":null,"methodName":"execute","fileName":"ThrowableCollector.java","lineNumber":73,"className":"org.junit.platform.engine.support.hierarchical.ThrowableCollector","nativeMethod":false},{"classLoaderName":"app","moduleName":null,"moduleVersion":null,"methodName":"lambda$executeRecursively$8","fileName":"NodeTestTask.java","lineNumber":141,"className":"org.junit.platform.engine.support.hierarchical.NodeTestTask","nativeMethod":false},{"classLoaderName":"app","moduleName":null,"moduleVersion":null,"methodName":"around","fileName":"Node.java","lineNumber":137,"className":"org.junit.platform.engine.support.hierarchical.Node","nativeMethod":false},{"classLoaderName":"app","moduleName":null,"moduleVersion":null,"methodName":"lambda$executeRecursively$9","fileName":"NodeTestTask.java","lineNumber":139,"className":"org.junit.platform.engine.support.hierarchical.NodeTestTask","nativeMethod":false},{"classLoaderName":"app","moduleName":null,"moduleVersion":null,"methodName":"execute","fileName":"ThrowableCollector.java","lineNumber":73,"className":"org.junit.platform.engine.support.hierarchical.ThrowableCollector","nativeMethod":false},{"classLoaderName":"app","moduleName":null,"moduleVersion":null,"methodName":"executeRecursively","fileName":"NodeTestTask.java","lineNumber":138,"className":"org.junit.platform.engine.support.hierarchical.NodeTestTask","nativeMethod":false},{"classLoaderName":"app","moduleName":null,"moduleVersion":null,"methodName":"execute","fileName":"NodeTestTask.java","lineNumber":95,"className":"org.junit.platform.engine.support.hierarchical.NodeTestTask","nativeMethod":false},{"classLoaderName":"app","moduleName":null,"moduleVersion":null,"methodName":"submit","fileName":"SameThreadHierarchicalTestExecutorService.java","lineNumber":35,"className":"org.junit.platform.engine.support.hierarchical.SameThreadHierarchicalTestExecutorService","nativeMethod":false},{"classLoaderName":"app","moduleName":null,"moduleVersion":null,"methodName":"execute","fileName":"HierarchicalTestExecutor.java","lineNumber":57,"className":"org.junit.platform.engine.support.hierarchical.HierarchicalTestExecutor","nativeMethod":false},{"classLoaderName":"app","moduleName":null,"moduleVersion":null,"methodName":"execute","fileName":"HierarchicalTestEngine.java","lineNumber":54,"className":"org.junit.platform.engine.support.hierarchical.HierarchicalTestEngine","nativeMethod":false},{"classLoaderName":"app","moduleName":null,"moduleVersion":null,"methodName":"execute","fileName":"EngineExecutionOrchestrator.java","lineNumber":198,"className":"org.junit.platform.launcher.core.EngineExecutionOrchestrator","nativeMethod":false},{"classLoaderName":"app","moduleName":null,"moduleVersion":null,"methodName":"execute","fileName":"EngineExecutionOrchestrator.java","lineNumber":169,"className":"org.junit.platform.launcher.core.EngineExecutionOrchestrator","nativeMethod":false},{"classLoaderName":"app","moduleName":null,"moduleVersion":null,"methodName":"execute","fileName":"EngineExecutionOrchestrator.java","lineNumber":93,"className":"org.junit.platform.launcher.core.EngineExecutionOrchestrator","nativeMethod":false},{"classLoaderName":"app","moduleName":null,"moduleVersion":null,"methodName":"lambda$execute$0","fileName":"EngineExecutionOrchestrator.java","lineNumber":58,"className":"org.junit.platform.launcher.core.EngineExecutionOrchestrator","nativeMethod":false},{"classLoaderName":"app","moduleName":null,"moduleVersion":null,"methodName":"withInterceptedStreams","fileName":"EngineExecutionOrchestrator.java","lineNumber":141,"className":"org.junit.platform.launcher.core.EngineExecutionOrchestrator","nativeMethod":false},{"classLoaderName":"app","moduleName":null,"moduleVersion":null,"methodName":"execute","fileName":"EngineExecutionOrchestrator.java","lineNumber":57,"className":"org.junit.platform.launcher.core.EngineExecutionOrchestrator","nativeMethod":false},{"classLoaderName":"app","moduleName":null,"moduleVersion":null,"methodName":"execute","fileName":"DefaultLauncher.java","lineNumber":103,"className":"org.junit.platform.launcher.core.DefaultLauncher","nativeMethod":false},{"classLoaderName":"app","moduleName":null,"moduleVersion":null,"methodName":"execute","fileName":"DefaultLauncher.java","lineNumber":85,"className":"org.junit.platform.launcher.core.DefaultLauncher","nativeMethod":false},{"classLoaderName":"app","moduleName":null,"moduleVersion":null,"methodName":"execute","fileName":"DelegatingLauncher.java","lineNumber":47,"className":"org.junit.platform.launcher.core.DelegatingLauncher","nativeMethod":false},{"classLoaderName":"app","moduleName":null,"moduleVersion":null,"methodName":"execute","fileName":"LazyLauncher.java","lineNumber":56,"className":"org.apache.maven.surefire.junitplatform.LazyLauncher","nativeMethod":false},{"classLoaderName":"app","moduleName":null,"moduleVersion":null,"methodName":"execute","fileName":"JUnitPlatformProvider.java","lineNumber":184,"className":"org.apache.maven.surefire.junitplatform.JUnitPlatformProvider","nativeMethod":false},{"classLoaderName":"app","moduleName":null,"moduleVersion":null,"methodName":"invokeAllTests","fileName":"JUnitPlatformProvider.java","lineNumber":148,"className":"org.apache.maven.surefire.junitplatform.JUnitPlatformProvider","nativeMethod":false},{"classLoaderName":"app","moduleName":null,"moduleVersion":null,"methodName":"invoke","fileName":"JUnitPlatformProvider.java","lineNumber":122,"className":"org.apache.maven.surefire.junitplatform.JUnitPlatformProvider","nativeMethod":false},{"classLoaderName":"app","moduleName":null,"moduleVersion":null,"methodName":"runSuitesInProcess","fileName":"ForkedBooter.java","lineNumber":385,"className":"org.apache.maven.surefire.booter.ForkedBooter","nativeMethod":false},{"classLoaderName":"app","moduleName":null,"moduleVersion":null,"methodName":"execute","fileName":"ForkedBooter.java","lineNumber":162,"className":"org.apache.maven.surefire.booter.ForkedBooter","nativeMethod":false},{"classLoaderName":"app","moduleName":null,"moduleVersion":null,"methodName":"run","fileName":"ForkedBooter.java","lineNumber":507,"className":"org.apache.maven.surefire.booter.ForkedBooter","nativeMethod":false},{"classLoaderName":"app","moduleName":null,"moduleVersion":null,"methodName":"main","fileName":"ForkedBooter.java","lineNumber":495,"className":"org.apache.maven.surefire.booter.ForkedBooter","nativeMethod":false}],"message":"Cannot invoke \"String.toLowerCase()\" because the return value of \"com.example.exercise.enity.Vehicle.getManufacturer()\" is null","suppressed":[],"localizedMessage":"Cannot invoke \"String.toLowerCase()\" because the return value of \"com.example.exercise.enity.Vehicle.getManufacturer()\" is null"}
    Forwarded URL = null
   Redirected URL = null
          Cookies = []
]]></system-out>
  </testcase>
  <testcase name="testCaseThree" classname="com.example.exercise.ExerciseApplicationTests" time="0.007">
    <system-out><![CDATA[2024-07-08T13:11:50.512+01:00  INFO 21077 --- [exercise] [           main] c.e.exercise.ExerciseApplicationTests    : TestCaseThree

MockHttpServletRequest:
      HTTP Method = POST
      Request URI = /vehicles
       Parameters = {}
          Headers = [Content-Type:"application/json;charset=UTF-8", Accept:"application/json", Content-Length:"22"]
             Body = {
  "vehicles" : [ ]
}
    Session Attrs = {}

Handler:
             Type = com.example.exercise.rest.RestControler
           Method = com.example.exercise.rest.RestControler#createVehicles(Vehicles)

Async:
    Async started = false
     Async result = null

Resolved Exception:
             Type = null

ModelAndView:
        View name = null
             View = null
            Model = null

FlashMap:
       Attributes = null

MockHttpServletResponse:
           Status = 200
    Error message = null
          Headers = [Content-Type:"application/json"]
     Content type = application/json
             Body = {"result":true,"body":[]}
    Forwarded URL = null
   Redirected URL = null
          Cookies = []
]]></system-out>
  </testcase>
</testsuite>